[2023-09-05 05:21:52][P91TmnSTnMpFKfGLb0hwg9XnI0Ddq2jn] Processing: App\Jobs\QuestionImportJob
[2023-09-05 05:27:02][P91TmnSTnMpFKfGLb0hwg9XnI0Ddq2jn] Processing: App\Jobs\QuestionImportJob
[2023-09-05 05:27:02][P91TmnSTnMpFKfGLb0hwg9XnI0Ddq2jn] Failed:     App\Jobs\QuestionImportJob
[2023-09-05 05:48:59][4hPB9Y7NulA2t2lTSF0dKGIDiwY6xx4v] Processing: App\Jobs\QuestionImportJob
[2023-09-05 05:54:10][4hPB9Y7NulA2t2lTSF0dKGIDiwY6xx4v] Processing: App\Jobs\QuestionImportJob
[2023-09-05 05:54:10][4hPB9Y7NulA2t2lTSF0dKGIDiwY6xx4v] Failed:     App\Jobs\QuestionImportJob
[2023-09-05 11:51:09][YsKVOGqbFnrALH1D2V5mBygmLwZiVc9t] Processing: App\Jobs\QuestionImportJob
[2023-09-05 11:51:09][YsKVOGqbFnrALH1D2V5mBygmLwZiVc9t] Processed:  App\Jobs\QuestionImportJob
[2023-09-05 12:01:09][rv4bQzQyhaev5e9fiac3n7lNTYLw2d7U] Processing: App\Jobs\QuestionImportJob
[2023-09-05 12:01:09][rv4bQzQyhaev5e9fiac3n7lNTYLw2d7U] Processed:  App\Jobs\QuestionImportJob
[2023-09-05 12:09:08][grgKaz6ZLf4N6iY7ny1o5W9Qmgj7KNq6] Processing: App\Jobs\QuestionImportJob
[2023-09-05 12:09:08][grgKaz6ZLf4N6iY7ny1o5W9Qmgj7KNq6] Processed:  App\Jobs\QuestionImportJob
[2023-09-06 04:37:02][OLr3qEoPPXiuPc41GcW2HZ6gwkAvuGue] Processing: App\Jobs\QuestionImportJob
[2023-09-06 04:37:04][OLr3qEoPPXiuPc41GcW2HZ6gwkAvuGue] Processed:  App\Jobs\QuestionImportJob
[2023-09-06 06:31:31][gNhZUTzbb20ejQBRHGcRCXHvmCwt5XLJ] Processing: App\Jobs\QuestionImportJob
[2023-09-06 06:31:34][gNhZUTzbb20ejQBRHGcRCXHvmCwt5XLJ] Processed:  App\Jobs\QuestionImportJob
[2023-09-07 14:52:45][QvtOP5nDdiBQ9yyu8fGiNxpSegWgr6l9] Processing: App\Jobs\UserExportJob
[2023-09-07 14:55:45][QvtOP5nDdiBQ9yyu8fGiNxpSegWgr6l9] Failed:     App\Jobs\UserExportJob
[2023-09-08 01:18:25][GgLt7FOLKBelEyer8XKOHF9WdKNj9OuL] Processing: App\Jobs\UserExportJob
[2023-09-08 01:21:25][GgLt7FOLKBelEyer8XKOHF9WdKNj9OuL] Failed:     App\Jobs\UserExportJob
[2023-09-08 01:21:26][NxknwhyHQnfl9ssUGMH507WqgLre16uF] Processing: App\Jobs\UserExportJob
[2023-09-08 01:24:26][NxknwhyHQnfl9ssUGMH507WqgLre16uF] Failed:     App\Jobs\UserExportJob
[2023-09-08 01:24:27][uXvQNcnVcmvH5rp3S7bjKHqLZjiZrRzR] Processing: App\Jobs\UserExportJob
[2023-09-08 01:27:27][uXvQNcnVcmvH5rp3S7bjKHqLZjiZrRzR] Failed:     App\Jobs\UserExportJob
[2023-09-08 01:28:58][6Z27qO2MomtutGjCrMc7Jmwl0dyeaq0T] Processing: App\Jobs\UserExportJob
[2023-09-08 01:31:58][6Z27qO2MomtutGjCrMc7Jmwl0dyeaq0T] Failed:     App\Jobs\UserExportJob
[2023-09-08 04:25:42][3GYnxoeiz2xg2j8oPqJXHdPKNWaiY7wV] Processing: App\Jobs\UserExportJob
[2023-09-08 04:28:42][3GYnxoeiz2xg2j8oPqJXHdPKNWaiY7wV] Failed:     App\Jobs\UserExportJob
[2023-09-08 05:07:53][L3hqDnjYDnmqfOwwPskH4ojWAzvNodhf] Processing: App\Jobs\UserExportJob
[2023-09-08 05:10:53][L3hqDnjYDnmqfOwwPskH4ojWAzvNodhf] Failed:     App\Jobs\UserExportJob
[2023-09-08 05:10:54][oyS8K0hy639a6ZzOe2ruwVWf3Ogtczk8] Processing: App\Jobs\UserExportJob
[2023-09-08 05:13:54][oyS8K0hy639a6ZzOe2ruwVWf3Ogtczk8] Failed:     App\Jobs\UserExportJob
[2023-09-08 05:35:00][w5EdyDKjUpmXvCaaDCpP5Pee13u7sSnl] Processing: App\Jobs\UserExportJob
[2023-09-08 05:38:00][w5EdyDKjUpmXvCaaDCpP5Pee13u7sSnl] Failed:     App\Jobs\UserExportJob
[2023-09-08 05:38:02][Da7PPLtmZ5YYHMoGg5iXyHUA4jnUAPY7] Processing: App\Jobs\UserExportJob
[2023-09-08 05:41:02][Da7PPLtmZ5YYHMoGg5iXyHUA4jnUAPY7] Failed:     App\Jobs\UserExportJob
[2023-09-08 06:57:22][lvKxomoASLkC1IfGin6UCbLSWxy7nxjP] Processing: App\Jobs\UserExportJob
[2023-09-08 07:00:22][lvKxomoASLkC1IfGin6UCbLSWxy7nxjP] Failed:     App\Jobs\UserExportJob
[2023-09-08 08:20:12][7jO6pkm2oxpOrzIn9KAdEiHdXyjPohft] Processing: App\Jobs\UserExportJob
[2023-09-08 08:20:13][7jO6pkm2oxpOrzIn9KAdEiHdXyjPohft] Processed:  App\Jobs\UserExportJob
[2023-09-08 08:27:46][0SOjEPuV6wPNTKtuDHY8x2kGXAFXE3es] Processing: App\Jobs\UserExportJob
[2023-09-08 08:27:47][0SOjEPuV6wPNTKtuDHY8x2kGXAFXE3es] Processed:  App\Jobs\UserExportJob
[2023-09-08 08:30:17][SsfeC3WwU7MYH3gZVOdpZ1SuZvYctVHQ] Processing: App\Jobs\UserExportJob
[2023-09-08 08:30:18][SsfeC3WwU7MYH3gZVOdpZ1SuZvYctVHQ] Processed:  App\Jobs\UserExportJob
[2023-09-08 09:44:07][mI8JkQfRmqaUmwMZ7wuRXa4CVuwYsfPr] Processing: App\Jobs\UserExportJob
[2023-09-08 09:44:08][mI8JkQfRmqaUmwMZ7wuRXa4CVuwYsfPr] Processed:  App\Jobs\UserExportJob
[2023-09-08 09:49:10][a1mOG6LqL5xzFRg7sNzZN773sG0Zzie8] Processing: App\Jobs\UserExportJob
[2023-09-08 09:49:11][a1mOG6LqL5xzFRg7sNzZN773sG0Zzie8] Processed:  App\Jobs\UserExportJob
[2023-09-08 09:58:43][xgaOOoLmVPkxNBmsYnZMLQbUjZ9qZiqN] Processing: App\Jobs\UserExportJob
[2023-09-08 09:58:45][xgaOOoLmVPkxNBmsYnZMLQbUjZ9qZiqN] Processed:  App\Jobs\UserExportJob
[2023-09-08 09:59:15][qev85aRGjcrC4Oj27HMUP5n3uvjilGC1] Processing: App\Jobs\UserExportJob
[2023-09-08 09:59:16][qev85aRGjcrC4Oj27HMUP5n3uvjilGC1] Processed:  App\Jobs\UserExportJob
[2023-09-08 10:01:47][8HrcgdTYgRkNvKVZbRZsOOZkggaMOzcD] Processing: App\Jobs\UserExportJob
[2023-09-08 10:01:48][8HrcgdTYgRkNvKVZbRZsOOZkggaMOzcD] Processed:  App\Jobs\UserExportJob
[2023-09-08 10:02:18][RZDYBd6MnadpQV5q8JErbJRqIkvHHcIc] Processing: App\Jobs\UserExportJob
[2023-09-08 10:02:20][RZDYBd6MnadpQV5q8JErbJRqIkvHHcIc] Processed:  App\Jobs\UserExportJob
[2023-09-08 10:03:20][UqDtyVCHIYuWspNl4rISccDFpnYPQN5U] Processing: App\Jobs\UserExportJob
[2023-09-08 10:03:21][UqDtyVCHIYuWspNl4rISccDFpnYPQN5U] Processed:  App\Jobs\UserExportJob
[2023-09-08 10:05:21][05J0OB5QomljuVq5UdwhGlKEvcd66DIZ] Processing: App\Jobs\UserExportJob
[2023-09-08 10:05:22][05J0OB5QomljuVq5UdwhGlKEvcd66DIZ] Processed:  App\Jobs\UserExportJob
[2023-09-08 10:10:53][drT8pUk0NzymIHdQv7XQy7FRnqrIcMmy] Processing: App\Jobs\UserExportJob
[2023-09-08 10:13:53][drT8pUk0NzymIHdQv7XQy7FRnqrIcMmy] Failed:     App\Jobs\UserExportJob
[2023-09-08 11:01:36][VVnJfXZhgK9A7WtMBkHuiHlwn9DaNVbv] Processing: App\Jobs\UserExportJob
[2023-09-08 11:04:36][VVnJfXZhgK9A7WtMBkHuiHlwn9DaNVbv] Failed:     App\Jobs\UserExportJob
[2023-09-08 11:54:50][NmLYw9rna1qWjUaQtEvsCwCFaSQivT6d] Processing: App\Jobs\UserExportJob
[2023-09-08 11:54:50][NmLYw9rna1qWjUaQtEvsCwCFaSQivT6d] Processed:  App\Jobs\UserExportJob
[2023-09-08 11:59:41][lWnWVBqpqtull6V84eFrWm8SMFjbGyU3] Processing: App\Jobs\UserExportJob
[2023-09-08 12:02:41][lWnWVBqpqtull6V84eFrWm8SMFjbGyU3] Failed:     App\Jobs\UserExportJob
[2023-09-08 12:05:42][1IGulqsBLR0nX79fjx4efVoM1TKjeISf] Processing: App\Jobs\UserExportJob
[2023-09-08 12:08:42][1IGulqsBLR0nX79fjx4efVoM1TKjeISf] Failed:     App\Jobs\UserExportJob
[2023-09-08 16:19:18][zpbmniGGfhyzXILlQ0vKkYqPCTLQVnBR] Processing: App\Jobs\UserExportJob
[2023-09-08 16:22:18][zpbmniGGfhyzXILlQ0vKkYqPCTLQVnBR] Failed:     App\Jobs\UserExportJob
[2023-09-09 01:35:05][cpZOsblVYeT4jMq1qPBgBcRByIm4KVTD] Processing: App\Jobs\UserExportJob
[2023-09-09 01:38:05][cpZOsblVYeT4jMq1qPBgBcRByIm4KVTD] Failed:     App\Jobs\UserExportJob
[2023-09-09 01:38:06][tz4XztE6qhSSiTsZ1q6XQ52QuWExHIs7] Processing: App\Jobs\UserExportJob
[2023-09-09 01:41:06][tz4XztE6qhSSiTsZ1q6XQ52QuWExHIs7] Failed:     App\Jobs\UserExportJob
[2023-09-09 13:41:35][bzgETLVYb4xF9FhJhoO7AraRHsezRdR7] Processing: App\Jobs\UserExportJob
[2023-09-09 13:44:35][bzgETLVYb4xF9FhJhoO7AraRHsezRdR7] Failed:     App\Jobs\UserExportJob
[2023-09-10 14:08:15][HExUuW4or6NcSt0gjsgAk2RzTmsU6rjU] Processing: App\Jobs\UserExportJob
[2023-09-10 14:11:15][HExUuW4or6NcSt0gjsgAk2RzTmsU6rjU] Failed:     App\Jobs\UserExportJob
[2023-09-10 14:45:55][J5EirgicNE6sCoVYOcwqvZhF8eSF0d7b] Processing: App\Jobs\UserExportJob
[2023-09-10 14:48:55][J5EirgicNE6sCoVYOcwqvZhF8eSF0d7b] Failed:     App\Jobs\UserExportJob
[2023-09-11 08:57:27][Dx3N4C4XCl6wNHwoWoaX2p8vVCtkeI74] Processing: App\Jobs\UserExportJob
[2023-09-11 09:00:27][Dx3N4C4XCl6wNHwoWoaX2p8vVCtkeI74] Failed:     App\Jobs\UserExportJob
[2023-09-11 09:00:29][MVE2fD1VHABWk2JoajljRfLSsv3w8odQ] Processing: App\Jobs\UserExportJob
[2023-09-11 09:03:29][MVE2fD1VHABWk2JoajljRfLSsv3w8odQ] Failed:     App\Jobs\UserExportJob
[2023-09-11 16:37:55][PgbtcOkWutJqfTzmrmoSihOCZRR7NDQn] Processing: App\Jobs\UserExportJob
[2023-09-11 16:40:55][PgbtcOkWutJqfTzmrmoSihOCZRR7NDQn] Failed:     App\Jobs\UserExportJob
[2023-09-12 01:52:42][9PR43vxUL44wsFcFrdyQ5nDGkzs8EAsf] Processing: App\Jobs\UserExportJob
[2023-09-12 01:55:42][9PR43vxUL44wsFcFrdyQ5nDGkzs8EAsf] Failed:     App\Jobs\UserExportJob
[2023-09-12 13:36:40][nxpsPUOsyXlE5NPAlkqDd4r1aGLWl0OP] Processing: App\Jobs\UserExportJob
[2023-09-12 13:39:40][nxpsPUOsyXlE5NPAlkqDd4r1aGLWl0OP] Failed:     App\Jobs\UserExportJob
[2023-09-21 10:30:43][bzUmcLppKqBqA0wVSP5ve7fyEPpDE5w5] Processing: App\Jobs\UserExportJob
[2023-09-21 10:30:46][bzUmcLppKqBqA0wVSP5ve7fyEPpDE5w5] Processed:  App\Jobs\UserExportJob
[2023-09-21 10:42:50][q8zmNqeplxtXHH0REE3N7eJCeTBDQfCj] Processing: App\Jobs\UserExportJob
[2023-09-21 10:45:50][q8zmNqeplxtXHH0REE3N7eJCeTBDQfCj] Failed:     App\Jobs\UserExportJob
[2023-09-28 01:08:36][Vf61kopjRJcVEveyMcizKjystlJe33l7] Processing: App\Jobs\QuestionImportJob
[2023-09-28 01:08:36][Vf61kopjRJcVEveyMcizKjystlJe33l7] Failed:     App\Jobs\QuestionImportJob
[2023-09-28 01:09:06][Y02TagL6E0mlWQQntJV7Kn1geYloKkdT] Processing: App\Jobs\QuestionImportJob
[2023-09-28 01:09:06][Y02TagL6E0mlWQQntJV7Kn1geYloKkdT] Failed:     App\Jobs\QuestionImportJob
[2023-09-28 01:09:36][mXXOIxC76vMc6hvF3QU2XIB5X944EbAk] Processing: App\Jobs\QuestionImportJob
[2023-09-28 01:09:36][mXXOIxC76vMc6hvF3QU2XIB5X944EbAk] Failed:     App\Jobs\QuestionImportJob
[2023-09-28 01:31:43][w2Qc9MuYgiI9TdqL4bSTOs5mmCW7RBNY] Processing: App\Jobs\QuestionImportJob
[2023-09-28 01:31:43][w2Qc9MuYgiI9TdqL4bSTOs5mmCW7RBNY] Failed:     App\Jobs\QuestionImportJob
[2023-10-06 03:47:00][AyBZpwwcEnNsn3E8jcbS6I3LyCdNXI5S] Processing: App\Jobs\QuestionImportJob
[2023-10-06 03:47:00][AyBZpwwcEnNsn3E8jcbS6I3LyCdNXI5S] Failed:     App\Jobs\QuestionImportJob
[2023-11-20 13:31:12][TT9Z2WKQxmhPwLSkj2PL5U6Ty8kTMnq6] Processing: App\Jobs\QuestionImportJob
[2023-11-20 13:31:14][TT9Z2WKQxmhPwLSkj2PL5U6Ty8kTMnq6] Processed:  App\Jobs\QuestionImportJob
[2023-11-20 13:32:14][o8KSoYvi5Ejd6Mg4Gc1wu2szOFvg34u0] Processing: App\Jobs\QuestionImportJob
[2023-11-20 13:32:17][o8KSoYvi5Ejd6Mg4Gc1wu2szOFvg34u0] Processed:  App\Jobs\QuestionImportJob
[2023-11-20 13:32:47][aqawnKHKBqMMsIdF9at3nuKxaESrDQxI] Processing: App\Jobs\QuestionImportJob
[2023-11-20 13:32:48][aqawnKHKBqMMsIdF9at3nuKxaESrDQxI] Processed:  App\Jobs\QuestionImportJob
[2023-11-20 13:35:19][Fue5gXbdKNBYLUTIDT4lkknbBeZlk26Q] Processing: App\Jobs\QuestionImportJob
[2023-11-20 13:35:20][Fue5gXbdKNBYLUTIDT4lkknbBeZlk26Q] Processed:  App\Jobs\QuestionImportJob
[2023-11-20 13:40:21][s43tgHhNoOQv1GsKa2cOuGKbSj9q0p4B] Processing: App\Jobs\QuestionImportJob
[2023-11-20 13:40:23][s43tgHhNoOQv1GsKa2cOuGKbSj9q0p4B] Processed:  App\Jobs\QuestionImportJob
[2023-11-20 13:45:54][7FuQxDTmqSIcsGSxuBtm4Qx6ezx0Fvbu] Processing: App\Jobs\QuestionImportJob
[2023-11-20 13:45:56][7FuQxDTmqSIcsGSxuBtm4Qx6ezx0Fvbu] Processed:  App\Jobs\QuestionImportJob
[2023-11-20 13:47:26][Eif1VODH8utdQtyCNkKGYASETxaR6dKM] Processing: App\Jobs\QuestionImportJob
[2023-11-20 13:47:30][Eif1VODH8utdQtyCNkKGYASETxaR6dKM] Processed:  App\Jobs\QuestionImportJob
[2023-11-20 13:53:01][hKsd3CqzmUdnuDz1FGkBvd1SimCVpnzJ] Processing: App\Jobs\QuestionImportJob
[2023-11-20 13:53:05][hKsd3CqzmUdnuDz1FGkBvd1SimCVpnzJ] Processed:  App\Jobs\QuestionImportJob
[2023-11-20 13:55:37][QrDZ3cb52ZAqrdH7xr0U1UVSl0Xynh5s] Processing: App\Jobs\QuestionImportJob
[2023-11-20 13:55:41][QrDZ3cb52ZAqrdH7xr0U1UVSl0Xynh5s] Processed:  App\Jobs\QuestionImportJob
[2023-11-20 13:57:11][YSpMNpcyTf2nCAeRVjP3nSEyt1WmFhBO] Processing: App\Jobs\QuestionImportJob
[2023-11-20 13:57:14][YSpMNpcyTf2nCAeRVjP3nSEyt1WmFhBO] Processed:  App\Jobs\QuestionImportJob
[2023-11-20 13:58:44][HI6IHO9JWoGR1t8APbGwhJJAGZGgAH92] Processing: App\Jobs\QuestionImportJob
[2023-11-20 13:58:45][HI6IHO9JWoGR1t8APbGwhJJAGZGgAH92] Processed:  App\Jobs\QuestionImportJob
[2023-11-20 13:59:47][0VB3Cek7EKHziCQCq1GRV7G58P7k1DQP] Processing: App\Jobs\QuestionImportJob
[2023-11-20 13:59:47][0VB3Cek7EKHziCQCq1GRV7G58P7k1DQP] Processed:  App\Jobs\QuestionImportJob
[2023-11-20 14:02:17][9EnOm6lrKdlSqpo7c3RfrAu94JSnNB9O] Processing: App\Jobs\QuestionImportJob
[2023-11-20 14:02:19][9EnOm6lrKdlSqpo7c3RfrAu94JSnNB9O] Processed:  App\Jobs\QuestionImportJob
[2023-11-20 14:03:19][Urfcxm0jW94HT3IZ9bs7gkiuWyBWEilb] Processing: App\Jobs\QuestionImportJob
[2023-11-20 14:03:23][Urfcxm0jW94HT3IZ9bs7gkiuWyBWEilb] Processed:  App\Jobs\QuestionImportJob
[2023-11-20 14:05:24][e9qWi71G0FtQmGxXNbIezgZRLgdjEGM7] Processing: App\Jobs\QuestionImportJob
[2023-11-20 14:05:28][e9qWi71G0FtQmGxXNbIezgZRLgdjEGM7] Processed:  App\Jobs\QuestionImportJob
[2023-11-20 14:06:28][hIH0Lofy50UWVFYkUU5xOQhJ9t9SEoLH] Processing: App\Jobs\QuestionImportJob
[2023-11-20 14:06:32][hIH0Lofy50UWVFYkUU5xOQhJ9t9SEoLH] Processed:  App\Jobs\QuestionImportJob
[2023-11-21 04:56:18][b8f7pzDQrXCG0ny5Zyn2Kzb1nrpxwsWO] Processing: App\Jobs\QuestionImportJob
[2023-11-21 04:56:21][b8f7pzDQrXCG0ny5Zyn2Kzb1nrpxwsWO] Processed:  App\Jobs\QuestionImportJob
[2023-11-21 04:58:22][KN2bPZOBGZiehrDjFjESWuVSDiREMYVl] Processing: App\Jobs\QuestionImportJob
[2023-11-21 04:58:26][KN2bPZOBGZiehrDjFjESWuVSDiREMYVl] Processed:  App\Jobs\QuestionImportJob
[2023-11-21 04:59:26][r9eupTOLMpPAwy52ZJttss8IeXY9W5gW] Processing: App\Jobs\QuestionImportJob
[2023-11-21 04:59:29][r9eupTOLMpPAwy52ZJttss8IeXY9W5gW] Processed:  App\Jobs\QuestionImportJob
[2023-11-21 05:00:29][GjAowPjc42D6piFRe9h3y0kUlQt6VjWk] Processing: App\Jobs\QuestionImportJob
[2023-11-21 05:00:32][GjAowPjc42D6piFRe9h3y0kUlQt6VjWk] Processed:  App\Jobs\QuestionImportJob
[2023-11-21 05:01:32][CWjbuF3fFS8es9MAZ53axYJ8uQIni3vB] Processing: App\Jobs\QuestionImportJob
[2023-11-21 05:01:35][CWjbuF3fFS8es9MAZ53axYJ8uQIni3vB] Processed:  App\Jobs\QuestionImportJob
[2023-11-21 05:02:35][gid8Aieix1f0xoOe9HZcjimTp1gN0y4w] Processing: App\Jobs\QuestionImportJob
[2023-11-21 05:02:37][gid8Aieix1f0xoOe9HZcjimTp1gN0y4w] Processed:  App\Jobs\QuestionImportJob
[2023-11-21 05:03:39][cxASPuXTmxY5NnA0EfeMEKu1lIGQIOfz] Processing: App\Jobs\QuestionImportJob
[2023-11-21 05:03:42][cxASPuXTmxY5NnA0EfeMEKu1lIGQIOfz] Processed:  App\Jobs\QuestionImportJob
[2023-11-21 05:04:42][XjhnUbsBg9xLca4X7czdcjebEbKBaDJt] Processing: App\Jobs\QuestionImportJob
[2023-11-21 05:04:49][XjhnUbsBg9xLca4X7czdcjebEbKBaDJt] Processed:  App\Jobs\QuestionImportJob
[2024-02-06 18:08:56][cGfJWfXAfboC8GGvg2rys80quzOBOpqg] Processing: App\Jobs\QuestionImportJob
[2024-02-06 18:08:56][cGfJWfXAfboC8GGvg2rys80quzOBOpqg] Failed:     App\Jobs\QuestionImportJob
[2024-02-06 18:17:27][8EqSUaQfroTck8cKNNdAXYAyUlMV78KT] Processing: App\Jobs\QuestionImportJob
[2024-02-06 18:17:32][8EqSUaQfroTck8cKNNdAXYAyUlMV78KT] Processed:  App\Jobs\QuestionImportJob
[2024-02-07 14:15:05][FawOn30b7M5LUnAmnki7sXoYV8lUC5n1] Processing: App\Jobs\QuestionImportJob
[2024-02-07 14:15:11][FawOn30b7M5LUnAmnki7sXoYV8lUC5n1] Processed:  App\Jobs\QuestionImportJob
[2024-02-07 14:18:42][QWcAbWVYQ01uNN9uhknSiV18Y6dKmItK] Processing: App\Jobs\QuestionImportJob
[2024-02-07 14:18:52][QWcAbWVYQ01uNN9uhknSiV18Y6dKmItK] Processed:  App\Jobs\QuestionImportJob
[2024-02-07 14:20:52][KiHbkislT36g55REH8HloeSF3ISncVvm] Processing: App\Jobs\QuestionImportJob
[2024-02-07 14:21:08][KiHbkislT36g55REH8HloeSF3ISncVvm] Processed:  App\Jobs\QuestionImportJob
[2024-02-07 14:22:38][UIy1nL0uPg32usTGZo2TXudQzWjKhlHp] Processing: App\Jobs\QuestionImportJob
[2024-02-07 14:23:00][UIy1nL0uPg32usTGZo2TXudQzWjKhlHp] Processed:  App\Jobs\QuestionImportJob
[2024-02-08 14:58:42][RVmUNgqIQV3DLi0Vs6wSZBDfTfbmNC5x] Processing: App\Jobs\QuestionImportJob
[2024-02-08 14:58:47][RVmUNgqIQV3DLi0Vs6wSZBDfTfbmNC5x] Processed:  App\Jobs\QuestionImportJob
[2024-02-10 20:06:45][sN3CXQnMrQaXX50Ye2hpvITBqg0y7mlM] Processing: App\Jobs\QuestionImportJob
[2024-02-10 20:06:46][sN3CXQnMrQaXX50Ye2hpvITBqg0y7mlM] Processed:  App\Jobs\QuestionImportJob
[2024-02-10 20:18:19][ydhYHrX6jOt22UdMGHj9gYox5NuMX5AB] Processing: App\Jobs\QuestionImportJob
[2024-02-10 20:18:19][ydhYHrX6jOt22UdMGHj9gYox5NuMX5AB] Failed:     App\Jobs\QuestionImportJob
[2024-02-10 20:18:49][gkmX8AybErtfu2UZMgGbNI19J6cIoIsN] Processing: App\Jobs\QuestionImportJob
[2024-02-10 20:18:49][gkmX8AybErtfu2UZMgGbNI19J6cIoIsN] Failed:     App\Jobs\QuestionImportJob
[2024-02-10 20:19:19][CqRX0RYuKrlgt4p2O2Juem8ZbmZlFs0v] Processing: App\Jobs\QuestionImportJob
[2024-02-10 20:19:20][CqRX0RYuKrlgt4p2O2Juem8ZbmZlFs0v] Processed:  App\Jobs\QuestionImportJob
[2024-02-10 20:19:50][ftrn0xVndcn15rGdy77MEmftRTBYVoXB] Processing: App\Jobs\QuestionImportJob
[2024-02-10 20:19:50][ftrn0xVndcn15rGdy77MEmftRTBYVoXB] Processed:  App\Jobs\QuestionImportJob
[2024-02-10 20:20:20][uA8f9F5oB2ulnmCHON4ahVRmxdnGuco8] Processing: App\Jobs\QuestionImportJob
[2024-02-10 20:20:21][uA8f9F5oB2ulnmCHON4ahVRmxdnGuco8] Processed:  App\Jobs\QuestionImportJob
[2024-02-10 20:20:51][cqSCdq20i2oJQeJZN8hRpmvKcBAJ2IBR] Processing: App\Jobs\QuestionImportJob
[2024-02-10 20:20:51][cqSCdq20i2oJQeJZN8hRpmvKcBAJ2IBR] Processed:  App\Jobs\QuestionImportJob
[2024-02-10 20:20:51][9qZAKecu3PxkhSEC3uPrflKMRACB5N4g] Processing: App\Jobs\QuestionImportJob
[2024-02-10 20:20:52][9qZAKecu3PxkhSEC3uPrflKMRACB5N4g] Processed:  App\Jobs\QuestionImportJob
[2024-02-10 20:20:52][83BRImzIzLgNxXQX67YCjtAa6vmEFZkO] Processing: App\Jobs\QuestionImportJob
[2024-02-10 20:20:52][83BRImzIzLgNxXQX67YCjtAa6vmEFZkO] Processed:  App\Jobs\QuestionImportJob
[2024-02-10 20:20:52][v5TnU5rhyT6B3EpTsZZ0ukRYb3LGZW1v] Processing: App\Jobs\QuestionImportJob
[2024-02-10 20:20:53][v5TnU5rhyT6B3EpTsZZ0ukRYb3LGZW1v] Processed:  App\Jobs\QuestionImportJob
[2024-02-10 20:21:23][63zHCm23mLvOKsCYV9GeqnR2tdo85y3v] Processing: App\Jobs\QuestionImportJob
[2024-02-10 20:21:23][63zHCm23mLvOKsCYV9GeqnR2tdo85y3v] Processed:  App\Jobs\QuestionImportJob
[2024-02-10 20:21:23][BUi9Si1l12dbaALZiLnj72GOIw1KNPEI] Processing: App\Jobs\QuestionImportJob
[2024-02-10 20:21:24][BUi9Si1l12dbaALZiLnj72GOIw1KNPEI] Processed:  App\Jobs\QuestionImportJob
[2024-02-10 20:21:54][EoBPtXff06vwXiJZet98xESsbsLM5IUd] Processing: App\Jobs\QuestionImportJob
[2024-02-10 20:21:54][EoBPtXff06vwXiJZet98xESsbsLM5IUd] Processed:  App\Jobs\QuestionImportJob
[2024-02-10 21:06:06][G0erz6pb5FRJvu8q1rinT4AqwkAzTTW7] Processing: App\Jobs\QuestionImportJob
[2024-02-10 21:06:06][G0erz6pb5FRJvu8q1rinT4AqwkAzTTW7] Processed:  App\Jobs\QuestionImportJob
[2024-02-10 21:06:36][lCkJMndgqrZb7J3ysDClZFMsnJF01nNR] Processing: App\Jobs\QuestionImportJob
[2024-02-10 21:06:37][lCkJMndgqrZb7J3ysDClZFMsnJF01nNR] Processed:  App\Jobs\QuestionImportJob
[2024-02-10 21:06:37][50AM9pDSo8q6irdpv8d75DV2d4IR4hKP] Processing: App\Jobs\QuestionImportJob
[2024-02-10 21:06:37][50AM9pDSo8q6irdpv8d75DV2d4IR4hKP] Processed:  App\Jobs\QuestionImportJob
[2024-02-10 21:06:37][mpRUOii9sDnqeessyoqrc6alvbCBDcmr] Processing: App\Jobs\QuestionImportJob
[2024-02-10 21:06:38][mpRUOii9sDnqeessyoqrc6alvbCBDcmr] Processed:  App\Jobs\QuestionImportJob
[2024-02-10 21:06:38][IuT4GLWx9CqMYHmZ7Mvw60e1XpxTkYvx] Processing: App\Jobs\QuestionImportJob
[2024-02-10 21:06:38][IuT4GLWx9CqMYHmZ7Mvw60e1XpxTkYvx] Processed:  App\Jobs\QuestionImportJob
[2024-02-10 21:07:08][jKvb1nHyZEZxxfQPna3sCaYymcEyBUOQ] Processing: App\Jobs\QuestionImportJob
[2024-02-10 21:07:09][jKvb1nHyZEZxxfQPna3sCaYymcEyBUOQ] Processed:  App\Jobs\QuestionImportJob
[2024-02-10 21:07:09][rzrsy9tad5S97QcCx65D8YpngXZNOCrt] Processing: App\Jobs\QuestionImportJob
[2024-02-10 21:07:09][rzrsy9tad5S97QcCx65D8YpngXZNOCrt] Processed:  App\Jobs\QuestionImportJob
[2024-02-10 21:07:09][pCHxORzGa3dLLVWa4wyh5bqLR57AiXr3] Processing: App\Jobs\QuestionImportJob
[2024-02-10 21:07:10][pCHxORzGa3dLLVWa4wyh5bqLR57AiXr3] Processed:  App\Jobs\QuestionImportJob
[2024-02-10 21:07:10][Gs4ejCalzWehhMUrTPEOE394U2xqGSTb] Processing: App\Jobs\QuestionImportJob
[2024-02-10 21:07:10][Gs4ejCalzWehhMUrTPEOE394U2xqGSTb] Processed:  App\Jobs\QuestionImportJob
[2024-02-10 21:07:40][rWksej2gyR88ll9xMzEprZqqFZFnZ1xt] Processing: App\Jobs\QuestionImportJob
[2024-02-10 21:07:41][rWksej2gyR88ll9xMzEprZqqFZFnZ1xt] Processed:  App\Jobs\QuestionImportJob
[2024-02-10 21:07:41][GMUWTlgHtb2okTSWrf2UXqjZih3mHw44] Processing: App\Jobs\QuestionImportJob
[2024-02-10 21:07:41][GMUWTlgHtb2okTSWrf2UXqjZih3mHw44] Processed:  App\Jobs\QuestionImportJob
[2024-02-10 21:07:41][y1Qwq27sCBsdUHqqGo0fEgOqQ1M1L4BF] Processing: App\Jobs\QuestionImportJob
[2024-02-10 21:07:42][y1Qwq27sCBsdUHqqGo0fEgOqQ1M1L4BF] Processed:  App\Jobs\QuestionImportJob
[2024-02-10 21:07:42][0p7KNi0gtxET5UkoxtVh2BxdrE5bCvtC] Processing: App\Jobs\QuestionImportJob
[2024-02-10 21:07:42][0p7KNi0gtxET5UkoxtVh2BxdrE5bCvtC] Processed:  App\Jobs\QuestionImportJob
[2024-02-10 21:08:12][maYQyihjqPiz73Dzw0MD1uD6heitTtza] Processing: App\Jobs\QuestionImportJob
[2024-02-10 21:08:13][maYQyihjqPiz73Dzw0MD1uD6heitTtza] Processed:  App\Jobs\QuestionImportJob
[2024-02-10 21:08:13][GGo66eXJm672E7KkkFF9IuvDozUyZv0L] Processing: App\Jobs\QuestionImportJob
[2024-02-10 21:08:13][GGo66eXJm672E7KkkFF9IuvDozUyZv0L] Processed:  App\Jobs\QuestionImportJob
[2024-02-10 21:08:13][EQ0XjtvqR0jBnqyOs4ZUQrG4LyTAp2TV] Processing: App\Jobs\QuestionImportJob
[2024-02-10 21:08:14][EQ0XjtvqR0jBnqyOs4ZUQrG4LyTAp2TV] Processed:  App\Jobs\QuestionImportJob
[2024-02-10 21:08:14][CI85uzns28mmzjghpYe9Cpcjidd118Rs] Processing: App\Jobs\QuestionImportJob
[2024-02-10 21:08:14][CI85uzns28mmzjghpYe9Cpcjidd118Rs] Processed:  App\Jobs\QuestionImportJob
[2024-02-10 21:08:14][YDudp2QM9WIH1puudKgtHFGvylRRh1Kp] Processing: App\Jobs\QuestionImportJob
[2024-02-10 21:08:15][YDudp2QM9WIH1puudKgtHFGvylRRh1Kp] Processed:  App\Jobs\QuestionImportJob
[2024-02-10 21:08:46][dVoj09XiTIDywvESB3hCmBsMuF1zCOy3] Processing: App\Jobs\QuestionImportJob
[2024-02-10 21:08:47][dVoj09XiTIDywvESB3hCmBsMuF1zCOy3] Processed:  App\Jobs\QuestionImportJob
[2024-02-10 21:08:47][i4t1rFvTMMyAnOqFEyIjrG8J1ZgTjRmv] Processing: App\Jobs\QuestionImportJob
[2024-02-10 21:08:47][i4t1rFvTMMyAnOqFEyIjrG8J1ZgTjRmv] Processed:  App\Jobs\QuestionImportJob
[2024-02-10 21:27:51][WBLY3WUnAWAHHmZXQYV4fozWxohe0R3e] Processing: App\Jobs\QuestionImportJob
[2024-02-10 21:27:51][WBLY3WUnAWAHHmZXQYV4fozWxohe0R3e] Processed:  App\Jobs\QuestionImportJob
[2024-02-10 21:27:51][iLuM3tGS8QR26wf4bETYg4WuYKKCI1mv] Processing: App\Jobs\QuestionImportJob
[2024-02-10 21:27:52][iLuM3tGS8QR26wf4bETYg4WuYKKCI1mv] Processed:  App\Jobs\QuestionImportJob
[2024-02-10 21:28:22][3Q1CEX0FeHX3Ma4uWJf2kPqFQ47hLU16] Processing: App\Jobs\QuestionImportJob
[2024-02-10 21:28:22][3Q1CEX0FeHX3Ma4uWJf2kPqFQ47hLU16] Processed:  App\Jobs\QuestionImportJob
[2024-02-10 21:28:22][tAiicxqSzaWHY2eDXhACMFcmYKuTdBEU] Processing: App\Jobs\QuestionImportJob
[2024-02-10 21:28:23][tAiicxqSzaWHY2eDXhACMFcmYKuTdBEU] Processed:  App\Jobs\QuestionImportJob
[2024-02-10 21:28:23][yMsZ0mQbNH2PsGFj2PIC2MC0ulK1xZWz] Processing: App\Jobs\QuestionImportJob
[2024-02-10 21:28:23][yMsZ0mQbNH2PsGFj2PIC2MC0ulK1xZWz] Processed:  App\Jobs\QuestionImportJob
[2024-02-10 21:28:54][svF1AgFkh2ZTWztI5mX9PYpwd2CpmJgw] Processing: App\Jobs\QuestionImportJob
[2024-02-10 21:28:55][svF1AgFkh2ZTWztI5mX9PYpwd2CpmJgw] Processed:  App\Jobs\QuestionImportJob
[2024-02-10 21:28:55][X3VgmjfPHqJKuRwzYAq3wc7hbopRHw0r] Processing: App\Jobs\QuestionImportJob
[2024-02-10 21:28:55][X3VgmjfPHqJKuRwzYAq3wc7hbopRHw0r] Processed:  App\Jobs\QuestionImportJob
[2024-02-10 21:28:55][Cks41zgHsnH65A6HzcGkQMcwlWWfKdZU] Processing: App\Jobs\QuestionImportJob
[2024-02-10 21:28:56][Cks41zgHsnH65A6HzcGkQMcwlWWfKdZU] Processed:  App\Jobs\QuestionImportJob
[2024-02-10 21:28:56][rSRLWPf6mGptHcod7jZd6n9xPgioTzyc] Processing: App\Jobs\QuestionImportJob
[2024-02-10 21:28:56][rSRLWPf6mGptHcod7jZd6n9xPgioTzyc] Processed:  App\Jobs\QuestionImportJob
[2024-02-10 21:29:26][MaMGdhYUPMn9ZzuyM2wLXxV7VDr4dUJI] Processing: App\Jobs\QuestionImportJob
[2024-02-10 21:29:27][MaMGdhYUPMn9ZzuyM2wLXxV7VDr4dUJI] Processed:  App\Jobs\QuestionImportJob
[2024-02-10 21:29:27][BjBfZVFK4UWB6uLMZeESruWIlxK8L7td] Processing: App\Jobs\QuestionImportJob
[2024-02-10 21:29:27][BjBfZVFK4UWB6uLMZeESruWIlxK8L7td] Processed:  App\Jobs\QuestionImportJob
[2024-02-10 21:29:27][Clkidk154UKzK5wHLoHNq9D8CGKQCbW4] Processing: App\Jobs\QuestionImportJob
[2024-02-10 21:29:27][Clkidk154UKzK5wHLoHNq9D8CGKQCbW4] Processed:  App\Jobs\QuestionImportJob
[2024-02-10 21:29:27][o6acAyzKPO3hXkO0PLOwXgNuJ69vhTWk] Processing: App\Jobs\QuestionImportJob
[2024-02-10 21:29:28][o6acAyzKPO3hXkO0PLOwXgNuJ69vhTWk] Processed:  App\Jobs\QuestionImportJob
[2024-02-10 21:29:58][nMbQD24eb1YTT2GCLwQm1soJ0aCCEfpi] Processing: App\Jobs\QuestionImportJob
[2024-02-10 21:29:58][nMbQD24eb1YTT2GCLwQm1soJ0aCCEfpi] Processed:  App\Jobs\QuestionImportJob
[2024-02-10 21:30:28][Xb4Yc5a2cQMgtjDpiJhjDahFhjR27Bh8] Processing: App\Jobs\QuestionImportJob
[2024-02-10 21:30:29][Xb4Yc5a2cQMgtjDpiJhjDahFhjR27Bh8] Processed:  App\Jobs\QuestionImportJob
[2024-02-10 21:30:29][jkPtoORdyaPiU5EPhAMDGIbdQWu8Jxq7] Processing: App\Jobs\QuestionImportJob
[2024-02-10 21:30:29][jkPtoORdyaPiU5EPhAMDGIbdQWu8Jxq7] Processed:  App\Jobs\QuestionImportJob
[2024-02-10 21:30:29][UjnJf9hZ3gGE3Hp2B0CgOvLHAkHNjarJ] Processing: App\Jobs\QuestionImportJob
[2024-02-10 21:30:30][UjnJf9hZ3gGE3Hp2B0CgOvLHAkHNjarJ] Processed:  App\Jobs\QuestionImportJob
[2024-02-10 21:31:00][WhSnE8YPJ53kShKqItTLL5DpFzs4PO13] Processing: App\Jobs\QuestionImportJob
[2024-02-10 21:31:00][WhSnE8YPJ53kShKqItTLL5DpFzs4PO13] Processed:  App\Jobs\QuestionImportJob
[2024-02-10 21:31:00][FTQJbCifOVMTcwJ0bLaZziz6tVAEODi0] Processing: App\Jobs\QuestionImportJob
[2024-02-10 21:31:01][FTQJbCifOVMTcwJ0bLaZziz6tVAEODi0] Processed:  App\Jobs\QuestionImportJob
[2024-02-10 21:31:01][4TMjAAlCunCdlbwgC7aWz0mBktpuHnVY] Processing: App\Jobs\QuestionImportJob
[2024-02-10 21:31:01][4TMjAAlCunCdlbwgC7aWz0mBktpuHnVY] Processed:  App\Jobs\QuestionImportJob
[2024-02-10 21:31:01][L32sz5rwdkWPS3Bf3HPEO7err9BtZOzT] Processing: App\Jobs\QuestionImportJob
[2024-02-10 21:31:01][L32sz5rwdkWPS3Bf3HPEO7err9BtZOzT] Processed:  App\Jobs\QuestionImportJob
[2024-02-10 21:31:31][93uNn2JczAvcjKuRCrV4umW41bpNHCtc] Processing: App\Jobs\QuestionImportJob
[2024-02-10 21:31:32][93uNn2JczAvcjKuRCrV4umW41bpNHCtc] Processed:  App\Jobs\QuestionImportJob
[2024-02-10 21:31:32][vDNMQBNnPgp1dedvoxuToUOYMmn4twKw] Processing: App\Jobs\QuestionImportJob
[2024-02-10 21:31:32][vDNMQBNnPgp1dedvoxuToUOYMmn4twKw] Processed:  App\Jobs\QuestionImportJob
[2024-02-10 21:31:32][lZWPjNhdsn8PzFTBG3OnZ6M7oyNNqL2y] Processing: App\Jobs\QuestionImportJob
[2024-02-10 21:31:33][lZWPjNhdsn8PzFTBG3OnZ6M7oyNNqL2y] Processed:  App\Jobs\QuestionImportJob
[2024-02-10 21:31:33][bjn70kdubU7P34DQ5sI2BZKlx7bvNRyY] Processing: App\Jobs\QuestionImportJob
[2024-02-10 21:31:33][bjn70kdubU7P34DQ5sI2BZKlx7bvNRyY] Processed:  App\Jobs\QuestionImportJob
[2024-02-10 21:32:03][fmk8Sz6nz9Wq4vFlrM6q2n79u3qKJHcg] Processing: App\Jobs\QuestionImportJob
[2024-02-10 21:32:04][fmk8Sz6nz9Wq4vFlrM6q2n79u3qKJHcg] Processed:  App\Jobs\QuestionImportJob
[2024-02-10 21:35:05][0abSMdoPoKxxhIJAEj37kpdZPFRNvpkp] Processing: App\Jobs\QuestionImportJob
[2024-02-10 21:35:05][0abSMdoPoKxxhIJAEj37kpdZPFRNvpkp] Processed:  App\Jobs\QuestionImportJob
[2024-02-10 21:35:05][JSHbVwZTUrhCMTPVv8vnK6EvejRjWJzU] Processing: App\Jobs\QuestionImportJob
[2024-02-10 21:35:06][JSHbVwZTUrhCMTPVv8vnK6EvejRjWJzU] Processed:  App\Jobs\QuestionImportJob
[2024-02-10 21:35:36][FaZELJnBQzU71ZHNvRVZrVqVH3x5Tuyr] Processing: App\Jobs\QuestionImportJob
[2024-02-10 21:35:36][FaZELJnBQzU71ZHNvRVZrVqVH3x5Tuyr] Processed:  App\Jobs\QuestionImportJob
[2024-02-10 21:35:36][tsIin5gtkuTwu8MH1PKHv0w3XvxeJMXR] Processing: App\Jobs\QuestionImportJob
[2024-02-10 21:35:37][tsIin5gtkuTwu8MH1PKHv0w3XvxeJMXR] Processed:  App\Jobs\QuestionImportJob
[2024-02-10 21:35:37][GBdldzMxLu1BeJPI1CSgrAsZNztqZxbD] Processing: App\Jobs\QuestionImportJob
[2024-02-10 21:35:37][GBdldzMxLu1BeJPI1CSgrAsZNztqZxbD] Processed:  App\Jobs\QuestionImportJob
[2024-02-10 21:35:37][M4TOpp1pflUHk0SZjblVVSjt6Waz10iU] Processing: App\Jobs\QuestionImportJob
[2024-02-10 21:35:38][M4TOpp1pflUHk0SZjblVVSjt6Waz10iU] Processed:  App\Jobs\QuestionImportJob
[2024-02-10 21:36:08][ucqdTHBpEieIEJndtrY9dQON9w0PmCWR] Processing: App\Jobs\QuestionImportJob
[2024-02-10 21:36:08][ucqdTHBpEieIEJndtrY9dQON9w0PmCWR] Processed:  App\Jobs\QuestionImportJob
[2024-02-10 21:36:08][xaGJvCJZkgLjlnqUUrB5UTqfglh3e7mJ] Processing: App\Jobs\QuestionImportJob
[2024-02-10 21:36:09][xaGJvCJZkgLjlnqUUrB5UTqfglh3e7mJ] Processed:  App\Jobs\QuestionImportJob
[2024-02-10 21:36:09][BuNgV4z70rOp6wnmQzCXZGUd8yQUFJiv] Processing: App\Jobs\QuestionImportJob
[2024-02-10 21:36:09][BuNgV4z70rOp6wnmQzCXZGUd8yQUFJiv] Processed:  App\Jobs\QuestionImportJob
[2024-02-10 21:36:09][b6ODqsxeIT3tPQAarYLuAQ3676egZPyd] Processing: App\Jobs\QuestionImportJob
[2024-02-10 21:36:09][b6ODqsxeIT3tPQAarYLuAQ3676egZPyd] Processed:  App\Jobs\QuestionImportJob
[2024-02-10 22:29:53][qDHDamkJ7JirMMhMyh1R3Woclyq6shd1] Processing: App\Jobs\QuestionImportJob
[2024-02-10 22:29:54][qDHDamkJ7JirMMhMyh1R3Woclyq6shd1] Processed:  App\Jobs\QuestionImportJob
[2024-02-10 22:29:54][RCOjiS7sDzwrGHTtkJmwyAeV6T35v4rx] Processing: App\Jobs\QuestionImportJob
[2024-02-10 22:29:54][RCOjiS7sDzwrGHTtkJmwyAeV6T35v4rx] Processed:  App\Jobs\QuestionImportJob
[2024-02-10 22:29:54][RvEkImjn6Qd9RPzGj9DlfCamPA9D1n0G] Processing: App\Jobs\QuestionImportJob
[2024-02-10 22:29:55][RvEkImjn6Qd9RPzGj9DlfCamPA9D1n0G] Processed:  App\Jobs\QuestionImportJob
[2024-02-10 22:30:25][ob7Jr3A1vSdkl3xGgBnml48qfzMrEOI6] Processing: App\Jobs\QuestionImportJob
[2024-02-10 22:30:25][ob7Jr3A1vSdkl3xGgBnml48qfzMrEOI6] Processed:  App\Jobs\QuestionImportJob
[2024-02-10 22:30:25][CoXwY2vFWdGZutgcJKbcSXtcZUb6irb3] Processing: App\Jobs\QuestionImportJob
[2024-02-10 22:30:26][CoXwY2vFWdGZutgcJKbcSXtcZUb6irb3] Processed:  App\Jobs\QuestionImportJob
[2024-02-10 22:30:26][SalASJw5obC880MTefJLD8g3iCf29aK9] Processing: App\Jobs\QuestionImportJob
[2024-02-10 22:30:26][SalASJw5obC880MTefJLD8g3iCf29aK9] Processed:  App\Jobs\QuestionImportJob
[2024-02-10 22:30:56][VHCg4E6mnbOAdphV32u0UdJk0YrYTEfu] Processing: App\Jobs\QuestionImportJob
[2024-02-10 22:30:57][VHCg4E6mnbOAdphV32u0UdJk0YrYTEfu] Processed:  App\Jobs\QuestionImportJob
[2024-02-10 22:30:57][BbA7xCs65RF6lu7ZgeINkJL31neXaLyM] Processing: App\Jobs\QuestionImportJob
[2024-02-10 22:30:57][BbA7xCs65RF6lu7ZgeINkJL31neXaLyM] Processed:  App\Jobs\QuestionImportJob
[2024-02-10 22:30:57][T8Uzp9GTX5PRmWM8gNrcDFQUxBUxzEPB] Processing: App\Jobs\QuestionImportJob
[2024-02-10 22:30:58][T8Uzp9GTX5PRmWM8gNrcDFQUxBUxzEPB] Processed:  App\Jobs\QuestionImportJob
[2024-02-10 22:30:58][DciWpS3hEiTzhYYHgyT3Zkuf9qlkPljw] Processing: App\Jobs\QuestionImportJob
[2024-02-10 22:30:58][DciWpS3hEiTzhYYHgyT3Zkuf9qlkPljw] Processed:  App\Jobs\QuestionImportJob
[2024-02-10 22:33:58][yidE1rxjBHdabiU3TjZsNE5mHxC9izoT] Processing: App\Jobs\QuestionImportJob
[2024-02-10 22:33:59][yidE1rxjBHdabiU3TjZsNE5mHxC9izoT] Processed:  App\Jobs\QuestionImportJob
[2024-02-10 22:34:30][GsEYMRsgSfGOEn8hSrXBuNns4XFRTbzU] Processing: App\Jobs\QuestionImportJob
[2024-02-10 22:34:31][GsEYMRsgSfGOEn8hSrXBuNns4XFRTbzU] Processed:  App\Jobs\QuestionImportJob
[2024-02-10 22:34:31][WSV49rGhmNaYMYh0IIwDNDK0bcZr9UYA] Processing: App\Jobs\QuestionImportJob
[2024-02-10 22:34:31][WSV49rGhmNaYMYh0IIwDNDK0bcZr9UYA] Processed:  App\Jobs\QuestionImportJob
[2024-02-10 22:34:31][BKWbcHZcsTB5YVeMU4ZT9gQyIA9bPdFx] Processing: App\Jobs\QuestionImportJob
[2024-02-10 22:34:31][BKWbcHZcsTB5YVeMU4ZT9gQyIA9bPdFx] Processed:  App\Jobs\QuestionImportJob
[2024-02-10 22:34:31][PbBoQgG1Gj8r7Szb3PgYmRzAyMfia4Wr] Processing: App\Jobs\QuestionImportJob
[2024-02-10 22:34:32][PbBoQgG1Gj8r7Szb3PgYmRzAyMfia4Wr] Processed:  App\Jobs\QuestionImportJob
[2024-02-10 22:35:02][ocO5xUXRgs4w2ydpKkWInfRiq4pXWrlg] Processing: App\Jobs\QuestionImportJob
[2024-02-10 22:35:02][ocO5xUXRgs4w2ydpKkWInfRiq4pXWrlg] Processed:  App\Jobs\QuestionImportJob
[2024-02-10 22:35:02][GWtlJXei7jAcps6SXeelmm4Z7PKmyoDN] Processing: App\Jobs\QuestionImportJob
[2024-02-10 22:35:03][GWtlJXei7jAcps6SXeelmm4Z7PKmyoDN] Processed:  App\Jobs\QuestionImportJob
[2024-02-10 22:35:03][OoXPYSa2HNzbvCyc8zpdcem6SczLpixb] Processing: App\Jobs\QuestionImportJob
[2024-02-10 22:35:03][OoXPYSa2HNzbvCyc8zpdcem6SczLpixb] Processed:  App\Jobs\QuestionImportJob
[2024-02-10 22:35:03][G5g0MkggodcBJZnZgpVAhp6plzs22pzq] Processing: App\Jobs\QuestionImportJob
[2024-02-10 22:35:04][G5g0MkggodcBJZnZgpVAhp6plzs22pzq] Processed:  App\Jobs\QuestionImportJob
[2024-02-10 22:35:34][HkYhtF5dYqEWGQ58j6OibwR0bufjoxkh] Processing: App\Jobs\QuestionImportJob
[2024-02-10 22:35:34][HkYhtF5dYqEWGQ58j6OibwR0bufjoxkh] Processed:  App\Jobs\QuestionImportJob
[2024-02-10 23:24:15][zAdndu0ngyAKYUemrXPZI0jbDk04x4Lx] Processing: App\Jobs\QuestionImportJob
[2024-02-10 23:24:16][zAdndu0ngyAKYUemrXPZI0jbDk04x4Lx] Processed:  App\Jobs\QuestionImportJob
[2024-02-10 23:27:47][pte8MsvipoeBDdhk3lg3aC8as4QBXFkR] Processing: App\Jobs\QuestionImportJob
[2024-02-10 23:27:48][pte8MsvipoeBDdhk3lg3aC8as4QBXFkR] Processed:  App\Jobs\QuestionImportJob
[2024-02-10 23:34:50][7TCDLJNCloLI7IrGaIEceNGw6EmvjVUc] Processing: App\Jobs\QuestionImportJob
[2024-02-10 23:34:51][7TCDLJNCloLI7IrGaIEceNGw6EmvjVUc] Processed:  App\Jobs\QuestionImportJob
[2024-02-10 23:35:21][QmQvKIjfqa9rqrpDyXaHY9b8K2A2e7Od] Processing: App\Jobs\QuestionImportJob
[2024-02-10 23:35:21][QmQvKIjfqa9rqrpDyXaHY9b8K2A2e7Od] Processed:  App\Jobs\QuestionImportJob
[2024-02-10 23:36:21][LRBqjhVxh2CVqbE4vVkGw38NfNxjA9C9] Processing: App\Jobs\QuestionImportJob
[2024-02-10 23:36:22][LRBqjhVxh2CVqbE4vVkGw38NfNxjA9C9] Processed:  App\Jobs\QuestionImportJob
[2024-02-10 23:36:22][Q9qI2D1ZzV8fo2WZlAGppskGk1yP4h9C] Processing: App\Jobs\QuestionImportJob
[2024-02-10 23:36:22][Q9qI2D1ZzV8fo2WZlAGppskGk1yP4h9C] Processed:  App\Jobs\QuestionImportJob
[2024-02-10 23:45:25][opgQuHx07n9stygbLdfgirzCrjN8pEKj] Processing: App\Jobs\QuestionImportJob
[2024-02-10 23:45:25][opgQuHx07n9stygbLdfgirzCrjN8pEKj] Processed:  App\Jobs\QuestionImportJob
[2024-02-10 23:45:55][iZXNEwEKiL6FRrs0SRHYKobdZskOl0CC] Processing: App\Jobs\QuestionImportJob
[2024-02-10 23:45:56][iZXNEwEKiL6FRrs0SRHYKobdZskOl0CC] Processed:  App\Jobs\QuestionImportJob
[2024-02-10 23:45:56][PMjNQ8jjstw3YlMTjw3qETGvRCoSlifR] Processing: App\Jobs\QuestionImportJob
[2024-02-10 23:45:56][PMjNQ8jjstw3YlMTjw3qETGvRCoSlifR] Processed:  App\Jobs\QuestionImportJob
[2024-02-10 23:45:56][5aPVHJrGuz3iJeOv7kAcmo0oBSKsh74m] Processing: App\Jobs\QuestionImportJob
[2024-02-10 23:45:57][5aPVHJrGuz3iJeOv7kAcmo0oBSKsh74m] Processed:  App\Jobs\QuestionImportJob
[2024-02-10 23:45:57][XOxYW8l7lUNbnj8iiPDwcQIpwDnKIjSL] Processing: App\Jobs\QuestionImportJob
[2024-02-10 23:45:57][XOxYW8l7lUNbnj8iiPDwcQIpwDnKIjSL] Processed:  App\Jobs\QuestionImportJob
[2024-02-11 11:58:02][GMZqV2n6lCVtTRlWppK5BZSxOGZ9na6Q] Processing: App\Jobs\QuestionImportJob
[2024-02-11 11:58:03][GMZqV2n6lCVtTRlWppK5BZSxOGZ9na6Q] Processed:  App\Jobs\QuestionImportJob
[2024-02-11 12:03:04][Ifi99EUEvAm6hXxwnhbWkbuqxnSIcy70] Processing: App\Jobs\QuestionImportJob
[2024-02-11 12:03:04][Ifi99EUEvAm6hXxwnhbWkbuqxnSIcy70] Processed:  App\Jobs\QuestionImportJob
[2024-02-11 12:03:04][LYHrv9FzVTmuFhOTiNbzjJ7QMoHX8uDd] Processing: App\Jobs\QuestionImportJob
[2024-02-11 12:03:04][LYHrv9FzVTmuFhOTiNbzjJ7QMoHX8uDd] Processed:  App\Jobs\QuestionImportJob
[2024-02-11 12:03:34][aTfMaNvYgE12LrxM3wL1KNIBFJiEAh6v] Processing: App\Jobs\QuestionImportJob
[2024-02-11 12:03:34][aTfMaNvYgE12LrxM3wL1KNIBFJiEAh6v] Processed:  App\Jobs\QuestionImportJob
[2024-02-11 12:03:34][WQI8K6XLruqcSPiYpmjfAGc2Z3NFsmpI] Processing: App\Jobs\QuestionImportJob
[2024-02-11 12:03:34][WQI8K6XLruqcSPiYpmjfAGc2Z3NFsmpI] Processed:  App\Jobs\QuestionImportJob
[2024-02-11 12:03:34][9yxBV7sPkmCV1neMhI4tFUV6mx8zd8Ey] Processing: App\Jobs\QuestionImportJob
[2024-02-11 12:03:34][9yxBV7sPkmCV1neMhI4tFUV6mx8zd8Ey] Processed:  App\Jobs\QuestionImportJob
[2024-02-11 12:04:04][1DxIa0nF7O9ocxAAn97VRpqigoawlsJI] Processing: App\Jobs\QuestionImportJob
[2024-02-11 12:04:04][1DxIa0nF7O9ocxAAn97VRpqigoawlsJI] Processed:  App\Jobs\QuestionImportJob
[2024-02-11 12:04:04][UbSwweQrZYrDO6pvNABSqJt2lSHJHu9C] Processing: App\Jobs\QuestionImportJob
[2024-02-11 12:04:04][UbSwweQrZYrDO6pvNABSqJt2lSHJHu9C] Processed:  App\Jobs\QuestionImportJob
[2024-02-11 12:04:04][DcTuTZTlTtGQFAQ7efpuhxzGBn2Ee2m6] Processing: App\Jobs\QuestionImportJob
[2024-02-11 12:04:04][DcTuTZTlTtGQFAQ7efpuhxzGBn2Ee2m6] Processed:  App\Jobs\QuestionImportJob
[2024-02-11 12:04:04][pPVzvSNhK3SGvFCRGplKpGm314qGlQew] Processing: App\Jobs\QuestionImportJob
[2024-02-11 12:04:04][pPVzvSNhK3SGvFCRGplKpGm314qGlQew] Processed:  App\Jobs\QuestionImportJob
[2024-02-11 12:05:34][BKEjfuwtJeGRAWKoek9zuO4ZTTbQTSbA] Processing: App\Jobs\QuestionImportJob
[2024-02-11 12:05:34][BKEjfuwtJeGRAWKoek9zuO4ZTTbQTSbA] Processed:  App\Jobs\QuestionImportJob
[2024-02-11 12:06:34][qlR3Quyc8m6wQu8PouwfUxI3TJoqeiGK] Processing: App\Jobs\QuestionImportJob
[2024-02-11 12:06:35][qlR3Quyc8m6wQu8PouwfUxI3TJoqeiGK] Processed:  App\Jobs\QuestionImportJob
[2024-02-11 12:06:35][SzGSELCqfExIZtzMTydQe0NgReQXOwH5] Processing: App\Jobs\QuestionImportJob
[2024-02-11 12:06:35][SzGSELCqfExIZtzMTydQe0NgReQXOwH5] Processed:  App\Jobs\QuestionImportJob
[2024-02-11 12:06:35][G4aeWGMRNvGDZmbxMOLmmwr2uofAapmE] Processing: App\Jobs\QuestionImportJob
[2024-02-11 12:06:36][G4aeWGMRNvGDZmbxMOLmmwr2uofAapmE] Processed:  App\Jobs\QuestionImportJob
[2024-02-11 12:06:36][mqqJMM12olrnIHIhQh8jNgTvr4FKUa9Z] Processing: App\Jobs\QuestionImportJob
[2024-02-11 12:06:37][mqqJMM12olrnIHIhQh8jNgTvr4FKUa9Z] Processed:  App\Jobs\QuestionImportJob
[2024-02-11 12:07:07][ze68W525eECT4WIvf4F99ivGVu4fZzYw] Processing: App\Jobs\QuestionImportJob
[2024-02-11 12:07:07][ze68W525eECT4WIvf4F99ivGVu4fZzYw] Processed:  App\Jobs\QuestionImportJob
[2024-02-11 12:07:07][P5UZFIPXP4YIGzgvI2LP1hkNyXXOI5re] Processing: App\Jobs\QuestionImportJob
[2024-02-11 12:07:08][P5UZFIPXP4YIGzgvI2LP1hkNyXXOI5re] Processed:  App\Jobs\QuestionImportJob
[2024-02-11 12:07:08][ZjUTnacsC3OpvSauEYozs2RLjpnpy0Qu] Processing: App\Jobs\QuestionImportJob
[2024-02-11 12:07:08][ZjUTnacsC3OpvSauEYozs2RLjpnpy0Qu] Processed:  App\Jobs\QuestionImportJob
[2024-02-11 12:07:08][EP08gZ7wHd7nXSSW5dcZye4P3jFIj9kx] Processing: App\Jobs\QuestionImportJob
[2024-02-11 12:07:08][EP08gZ7wHd7nXSSW5dcZye4P3jFIj9kx] Processed:  App\Jobs\QuestionImportJob
[2024-02-11 12:18:12][QtpgTSpysQuNDRo7apKda3lAxke5WpVk] Processing: App\Jobs\QuestionImportJob
[2024-02-11 12:18:12][QtpgTSpysQuNDRo7apKda3lAxke5WpVk] Processed:  App\Jobs\QuestionImportJob
[2024-02-11 12:18:42][XRxJcWKZgCjpAp3uYJLCQNUQ2m5WP7E5] Processing: App\Jobs\QuestionImportJob
[2024-02-11 12:18:43][XRxJcWKZgCjpAp3uYJLCQNUQ2m5WP7E5] Processed:  App\Jobs\QuestionImportJob
[2024-02-11 12:18:43][3dM7ypl7ZfMeQi1BMIqAZ3KrqUlh5U2x] Processing: App\Jobs\QuestionImportJob
[2024-02-11 12:18:43][3dM7ypl7ZfMeQi1BMIqAZ3KrqUlh5U2x] Processed:  App\Jobs\QuestionImportJob
[2024-02-11 12:18:43][zq67yfjuyItIsgoFlAuqb7OnttbCpzmC] Processing: App\Jobs\QuestionImportJob
[2024-02-11 12:18:44][zq67yfjuyItIsgoFlAuqb7OnttbCpzmC] Processed:  App\Jobs\QuestionImportJob
[2024-02-11 12:18:44][hkubMY3mnNirZwiGRXN0EWZE6BZjDPuJ] Processing: App\Jobs\QuestionImportJob
[2024-02-11 12:18:44][hkubMY3mnNirZwiGRXN0EWZE6BZjDPuJ] Processed:  App\Jobs\QuestionImportJob
[2024-02-11 12:19:14][yQ2OtBDm4qSiYI194x80Jg5APVxhdIMH] Processing: App\Jobs\QuestionImportJob
[2024-02-11 12:19:15][yQ2OtBDm4qSiYI194x80Jg5APVxhdIMH] Processed:  App\Jobs\QuestionImportJob
[2024-02-11 12:19:15][P2r8a8SKixWPjmU7lAw9jzuRBt7KXrwY] Processing: App\Jobs\QuestionImportJob
[2024-02-11 12:19:16][P2r8a8SKixWPjmU7lAw9jzuRBt7KXrwY] Processed:  App\Jobs\QuestionImportJob
[2024-02-11 12:19:16][cFGvq12b5hc5s7S5lb4fHg16UUwROcv4] Processing: App\Jobs\QuestionImportJob
[2024-02-11 12:19:16][cFGvq12b5hc5s7S5lb4fHg16UUwROcv4] Processed:  App\Jobs\QuestionImportJob
[2024-02-11 12:32:19][mJTumEcJzan2QniEMKjWxFieB158k6nl] Processing: App\Jobs\QuestionImportJob
[2024-02-11 12:32:19][mJTumEcJzan2QniEMKjWxFieB158k6nl] Processed:  App\Jobs\QuestionImportJob
[2024-02-11 12:32:19][Yuyvhq81999TWW0NUv1S7klD8KPp1EN1] Processing: App\Jobs\QuestionImportJob
[2024-02-11 12:32:20][Yuyvhq81999TWW0NUv1S7klD8KPp1EN1] Processed:  App\Jobs\QuestionImportJob
[2024-02-11 12:32:20][hfSPmeKeRtTGJIH7yRltUcPND7m8dAWy] Processing: App\Jobs\QuestionImportJob
[2024-02-11 12:32:20][hfSPmeKeRtTGJIH7yRltUcPND7m8dAWy] Processed:  App\Jobs\QuestionImportJob
[2024-02-11 12:32:50][QQf8yIHI4jdMQ2oa1RiBF2busAHtvtI4] Processing: App\Jobs\QuestionImportJob
[2024-02-11 12:32:51][QQf8yIHI4jdMQ2oa1RiBF2busAHtvtI4] Processed:  App\Jobs\QuestionImportJob
[2024-02-11 12:32:51][RlRitOc6XhZ9YlNai9RrOINovnviJmNq] Processing: App\Jobs\QuestionImportJob
[2024-02-11 12:32:51][RlRitOc6XhZ9YlNai9RrOINovnviJmNq] Processed:  App\Jobs\QuestionImportJob
[2024-02-11 12:32:51][WtGvIJodCVgimoRhWal20abta1I37u4j] Processing: App\Jobs\QuestionImportJob
[2024-02-11 12:32:52][WtGvIJodCVgimoRhWal20abta1I37u4j] Processed:  App\Jobs\QuestionImportJob
[2024-02-11 12:32:52][C2dlvcDPx0d8gDbl90acsUwFLimzpQ7O] Processing: App\Jobs\QuestionImportJob
[2024-02-11 12:32:52][C2dlvcDPx0d8gDbl90acsUwFLimzpQ7O] Processed:  App\Jobs\QuestionImportJob
[2024-02-11 12:33:23][NxHR97o381ptYJCas8qc2M88P6QJnCFI] Processing: App\Jobs\QuestionImportJob
[2024-02-11 12:33:24][NxHR97o381ptYJCas8qc2M88P6QJnCFI] Processed:  App\Jobs\QuestionImportJob
[2024-02-11 12:33:24][pT2cHgBFpI5C3avHROPM07yigJhytCa9] Processing: App\Jobs\QuestionImportJob
[2024-02-11 12:33:24][pT2cHgBFpI5C3avHROPM07yigJhytCa9] Processed:  App\Jobs\QuestionImportJob
[2024-02-11 12:33:24][zUUzVXXACd0IjlAD8Lm1ndv6cVNiItmZ] Processing: App\Jobs\QuestionImportJob
[2024-02-11 12:33:25][zUUzVXXACd0IjlAD8Lm1ndv6cVNiItmZ] Processed:  App\Jobs\QuestionImportJob
[2024-02-21 18:07:33][5PVGuYAvmzuV51dS3PXBSuP96RUJwKeE] Processing: App\Jobs\DistrictDataExportJob
[2024-02-21 18:07:43][5PVGuYAvmzuV51dS3PXBSuP96RUJwKeE] Processed:  App\Jobs\DistrictDataExportJob
[2024-02-21 18:18:46][WrUACweJm3lX75biBWPUrMsKYW2ULrdT] Processing: App\Jobs\DistrictDataExportJob
[2024-02-21 18:18:56][WrUACweJm3lX75biBWPUrMsKYW2ULrdT] Processed:  App\Jobs\DistrictDataExportJob
[2024-02-21 18:42:03][tKOj5WX0VOCNttzJ1vM1Za7n4YW4Nbwo] Processing: App\Jobs\DistrictDataExportJob
[2024-02-21 18:42:09][tKOj5WX0VOCNttzJ1vM1Za7n4YW4Nbwo] Processed:  App\Jobs\DistrictDataExportJob
[2024-02-21 19:02:14][jrZlkEU1VPKhrqYZP9RBwmAiy7DKzTW8] Processing: App\Jobs\DistrictDataExportJob
[2024-02-21 19:02:20][jrZlkEU1VPKhrqYZP9RBwmAiy7DKzTW8] Processed:  App\Jobs\DistrictDataExportJob
[2024-02-21 19:41:30][v0HxUWPw3YjUeMKctWh1nPWzImA2VjoG] Processing: App\Jobs\DistrictDataExportJob
[2024-02-21 19:41:36][v0HxUWPw3YjUeMKctWh1nPWzImA2VjoG] Processed:  App\Jobs\DistrictDataExportJob
[2024-02-21 19:41:36][B5UVXF9HCJdVp1madkPEbse3dr0NI01q] Processing: App\Jobs\DistrictDataExportJob
[2024-02-21 19:41:42][B5UVXF9HCJdVp1madkPEbse3dr0NI01q] Processed:  App\Jobs\DistrictDataExportJob
[2024-02-21 19:48:13][zJ2c8ovSGH4DxSmlbvbXrRpKjZ7zBnJm] Processing: App\Jobs\DistrictDataExportJob
[2024-02-21 19:48:20][zJ2c8ovSGH4DxSmlbvbXrRpKjZ7zBnJm] Processed:  App\Jobs\DistrictDataExportJob
[2024-02-21 19:53:51][g4VfU1hFt6hAOtkXoGtmdVMEEWOwfLab] Processing: App\Jobs\DistrictDataExportJob
[2024-02-21 19:53:57][g4VfU1hFt6hAOtkXoGtmdVMEEWOwfLab] Processed:  App\Jobs\DistrictDataExportJob
[2024-02-21 19:53:57][M8VeS4aDvaBTBrrsEne1iy3U17pKTEbo] Processing: App\Jobs\DistrictDataExportJob
[2024-02-21 19:54:03][M8VeS4aDvaBTBrrsEne1iy3U17pKTEbo] Processed:  App\Jobs\DistrictDataExportJob
[2024-02-22 06:42:49][GLSeAmtQymlTafCOHk4EL4JaR0sJhWXr] Processing: App\Jobs\DistrictDataExportJob
[2024-02-22 06:42:55][GLSeAmtQymlTafCOHk4EL4JaR0sJhWXr] Processed:  App\Jobs\DistrictDataExportJob
[2024-02-22 10:56:04][2TXNYjcSpF9hcftpgKO6XGnXMwEpbx4q] Processing: App\Jobs\DistrictDataExportJob
[2024-02-22 10:56:12][2TXNYjcSpF9hcftpgKO6XGnXMwEpbx4q] Processed:  App\Jobs\DistrictDataExportJob
[2024-02-22 10:57:42][5Kd02oxL9sjEN1Ey3r6Di60ulXjX1Wh2] Processing: App\Jobs\StudentExportJob
PHP Fatal error:  Allowed memory size of 268435456 bytes exhausted (tried to allocate 16384 bytes) in /var/www/html/lifeapp-api/vendor/laravel/framework/src/Illuminate/Database/Connection.php on line 373
PHP Fatal error:  Allowed memory size of 268435456 bytes exhausted (tried to allocate 32768 bytes) in /var/www/html/lifeapp-api/vendor/symfony/error-handler/Error/FatalError.php on line 1
[2024-02-22 10:58:42][5jUdl5WqaDHTbcmLlmj6UFK16eXnrX24] Processing: App\Jobs\StudentExportJob
PHP Fatal error:  Allowed memory size of 268435456 bytes exhausted (tried to allocate 1310720 bytes) in /var/www/html/lifeapp-api/vendor/maatwebsite/excel/src/Cache/MemoryCacheDeprecated.php on line 97

   Symfony\Component\ErrorHandler\Error\FatalError 

  Allowed memory size of 268435456 bytes exhausted (tried to allocate 1310720 bytes)

  at /var/www/html/lifeapp-api/vendor/maatwebsite/excel/src/Cache/MemoryCacheDeprecated.php:97
     93▕      * {@inheritdoc}
     94▕      */
     95▕     public function set($key, $value, $ttl = null)
     96▕     {
  ➜  97▕         $this->cache[$key] = $value;
     98▕ 
     99▕         return true;
    100▕     }
    101▕


   Whoops\Exception\ErrorException 

  Allowed memory size of 268435456 bytes exhausted (tried to allocate 1310720 bytes)

  at /var/www/html/lifeapp-api/vendor/maatwebsite/excel/src/Cache/MemoryCacheDeprecated.php:97
     93▕      * {@inheritdoc}
     94▕      */
     95▕     public function set($key, $value, $ttl = null)
     96▕     {
  ➜  97▕         $this->cache[$key] = $value;
     98▕ 
     99▕         return true;
    100▕     }
    101▕

      [2m+1 vendor frames [22m
  2   [internal]:0
      Whoops\Run::handleShutdown()
[2024-02-22 10:59:43][5Kd02oxL9sjEN1Ey3r6Di60ulXjX1Wh2] Processing: App\Jobs\StudentExportJob
[2024-02-22 10:59:43][5Kd02oxL9sjEN1Ey3r6Di60ulXjX1Wh2] Failed:     App\Jobs\StudentExportJob
[2024-02-22 11:00:13][5jUdl5WqaDHTbcmLlmj6UFK16eXnrX24] Processing: App\Jobs\StudentExportJob
[2024-02-22 11:00:13][5jUdl5WqaDHTbcmLlmj6UFK16eXnrX24] Failed:     App\Jobs\StudentExportJob
[2024-02-22 14:20:38][j1rzSReLDiZXUksmrTztnBa0suIWyezg] Processing: App\Jobs\StudentExportJob
PHP Fatal error:  Allowed memory size of 268435456 bytes exhausted (tried to allocate 16384 bytes) in /var/www/html/lifeapp-api/vendor/laravel/framework/src/Illuminate/Database/Connection.php on line 373
PHP Fatal error:  Allowed memory size of 268435456 bytes exhausted (tried to allocate 32768 bytes) in /var/www/html/lifeapp-api/vendor/symfony/error-handler/Error/FatalError.php on line 1
[2024-02-22 14:22:33][j1rzSReLDiZXUksmrTztnBa0suIWyezg] Processing: App\Jobs\StudentExportJob
[2024-02-22 14:22:33][j1rzSReLDiZXUksmrTztnBa0suIWyezg] Failed:     App\Jobs\StudentExportJob
[2024-02-22 14:46:09][2dm5QHw1M8Jpnn7fawsoufL9h8hjKdFz] Processing: App\Jobs\StudentExportJob
[2024-02-22 14:46:10][2dm5QHw1M8Jpnn7fawsoufL9h8hjKdFz] Processed:  App\Jobs\StudentExportJob
[2024-02-22 15:12:49][O4RfDUdVla2HW1soEClc78YC4T4i1a9w] Processing: App\Jobs\StudentExportJob
[2024-02-22 15:12:50][O4RfDUdVla2HW1soEClc78YC4T4i1a9w] Processed:  App\Jobs\StudentExportJob
[2024-02-22 15:20:51][qs2OG8aRPc8INLIWXbUrKXUCGVBWk2BM] Processing: App\Jobs\StudentExportJob
[2024-02-22 15:20:52][qs2OG8aRPc8INLIWXbUrKXUCGVBWk2BM] Processed:  App\Jobs\StudentExportJob
[2024-02-22 16:13:37][9YJz6IvSWat3lCLeotm4e0z9lO4kplDJ] Processing: App\Jobs\StudentExportJob
PHP Fatal error:  Allowed memory size of 268435456 bytes exhausted (tried to allocate 16384 bytes) in /var/www/html/lifeapp-api/vendor/laravel/framework/src/Illuminate/Database/Connection.php on line 373
PHP Fatal error:  Allowed memory size of 268435456 bytes exhausted (tried to allocate 32768 bytes) in /var/www/html/lifeapp-api/vendor/symfony/error-handler/Error/FatalError.php on line 1
[2024-02-22 16:15:27][9YJz6IvSWat3lCLeotm4e0z9lO4kplDJ] Processing: App\Jobs\StudentExportJob
[2024-02-22 16:15:27][9YJz6IvSWat3lCLeotm4e0z9lO4kplDJ] Failed:     App\Jobs\StudentExportJob
[2024-02-22 18:56:38][zaWEqmdwUiczXsTtiLrgTEvuxKBhLSWn] Processing: App\Jobs\StudentExportJob
PHP Fatal error:  Allowed memory size of 268435456 bytes exhausted (tried to allocate 16384 bytes) in /var/www/html/lifeapp-api/vendor/laravel/framework/src/Illuminate/Database/Connection.php on line 373
PHP Fatal error:  Allowed memory size of 268435456 bytes exhausted (tried to allocate 32768 bytes) in /var/www/html/lifeapp-api/vendor/symfony/error-handler/Error/FatalError.php on line 1
[2024-02-22 18:58:23][zaWEqmdwUiczXsTtiLrgTEvuxKBhLSWn] Processing: App\Jobs\StudentExportJob
[2024-02-22 18:58:23][zaWEqmdwUiczXsTtiLrgTEvuxKBhLSWn] Failed:     App\Jobs\StudentExportJob
[2024-02-22 21:18:59][BhdtrX4KlNk58yHwtNKxzXPhKYBeCRaV] Processing: App\Jobs\StudentExportJob
PHP Fatal error:  Allowed memory size of 268435456 bytes exhausted (tried to allocate 16384 bytes) in /var/www/html/lifeapp-api/vendor/laravel/framework/src/Illuminate/Database/Connection.php on line 373
PHP Fatal error:  Allowed memory size of 268435456 bytes exhausted (tried to allocate 32768 bytes) in /var/www/html/lifeapp-api/vendor/symfony/error-handler/Error/FatalError.php on line 1
[2024-02-22 21:20:41][BhdtrX4KlNk58yHwtNKxzXPhKYBeCRaV] Processing: App\Jobs\StudentExportJob
[2024-02-22 21:20:41][BhdtrX4KlNk58yHwtNKxzXPhKYBeCRaV] Failed:     App\Jobs\StudentExportJob

   Predis\Connection\ConnectionException 

  Connection refused [tcp://127.0.0.1:6379]

  at /var/www/html/lifeapp-api/vendor/predis/predis/src/Connection/AbstractConnection.php:144
    140▕      */
    141▕     protected function onConnectionError($message, $code = 0)
    142▕     {
    143▕         CommunicationException::handle(
  ➜ 144▕             new ConnectionException($this, "$message [{$this->getParameters()}]", $code)
    145▕         );
    146▕     }
    147▕ 
    148▕     /**

      [2m+32 vendor frames [22m
  33  /var/www/html/lifeapp-api/artisan:37
      Illuminate\Foundation\Console\Kernel::handle(Object(Symfony\Component\Console\Input\ArgvInput), Object(Symfony\Component\Console\Output\ConsoleOutput))
[2024-02-23 16:55:13][N6KGsxnLYdTDq8oW0ndtDnrhhnOkzJZf] Processing: App\Jobs\StudentExportJob
[2024-02-23 16:57:03][N6KGsxnLYdTDq8oW0ndtDnrhhnOkzJZf] Processed:  App\Jobs\StudentExportJob
[2024-02-24 00:39:00][6zfYNOK3TPxwpML8sIL9CPSFxSJukAAH] Processing: App\Jobs\StudentExportJob
[2024-02-24 00:41:39][6zfYNOK3TPxwpML8sIL9CPSFxSJukAAH] Processed:  App\Jobs\StudentExportJob
[2024-02-24 06:13:02][lnzvd8SVue7CZWtJxt0fIBJKm0UwsFJT] Processing: App\Jobs\DistrictDataExportJob
[2024-02-24 06:13:11][lnzvd8SVue7CZWtJxt0fIBJKm0UwsFJT] Processed:  App\Jobs\DistrictDataExportJob
[2024-02-25 00:49:22][6RU9rB7Ie9LPyAcx4z0fJTEnIY4NpEl9] Processing: App\Jobs\StudentExportJob
[2024-02-25 00:52:22][6RU9rB7Ie9LPyAcx4z0fJTEnIY4NpEl9] Failed:     App\Jobs\StudentExportJob
[2024-02-25 00:52:23][WD8zZTLFIAQWsl7alK67o1ZtiwE6wBEC] Processing: App\Jobs\DistrictDataExportJob
[2024-02-25 00:52:34][WD8zZTLFIAQWsl7alK67o1ZtiwE6wBEC] Processed:  App\Jobs\DistrictDataExportJob
[2024-02-25 01:18:10][RdKwHQUydlLAETLD0PvFpC0q8zAtWsum] Processing: App\Jobs\StudentExportJob
[2024-02-25 01:21:10][RdKwHQUydlLAETLD0PvFpC0q8zAtWsum] Failed:     App\Jobs\StudentExportJob
[2024-02-25 05:45:47][kENRLnxGdzOhLTFIC9KDSQKjQeCSL8Ig] Processing: App\Jobs\StudentExportJob
[2024-02-25 05:48:45][kENRLnxGdzOhLTFIC9KDSQKjQeCSL8Ig] Processed:  App\Jobs\StudentExportJob
[2024-02-25 23:22:40][i1NzvVFyLnLS3mwphAizV76Se4ZvmlHZ] Processing: App\Jobs\StudentExportJob
[2024-02-25 23:25:40][i1NzvVFyLnLS3mwphAizV76Se4ZvmlHZ] Failed:     App\Jobs\StudentExportJob
[2024-02-26 01:12:08][3fxBk2W9uZgnwfGz4MxDo8MXJZPc6soj] Processing: App\Jobs\StudentExportJob
[2024-02-26 01:15:08][3fxBk2W9uZgnwfGz4MxDo8MXJZPc6soj] Failed:     App\Jobs\StudentExportJob
[2024-02-26 01:15:10][dhuM7Qk11aGOGPAITWtoZMeyUGCeMSYO] Processing: App\Jobs\DistrictDataExportJob
[2024-02-26 01:15:20][dhuM7Qk11aGOGPAITWtoZMeyUGCeMSYO] Processed:  App\Jobs\DistrictDataExportJob
[2024-02-26 06:15:34][IMcbvw08xVQjCoAQLjjLzfUiIFlNkfxs] Processing: App\Jobs\StudentExportJob
[2024-02-26 06:18:34][IMcbvw08xVQjCoAQLjjLzfUiIFlNkfxs] Failed:     App\Jobs\StudentExportJob
[2024-02-26 07:35:24][o9UTEBdTglD0NmtHQieFgzbZdB3oaizX] Processing: App\Jobs\StudentExportJob
[2024-02-26 07:38:24][o9UTEBdTglD0NmtHQieFgzbZdB3oaizX] Failed:     App\Jobs\StudentExportJob
[2024-02-26 10:40:41][pUgHI1ZIClatsA9gLrla8lbEsfibZKHr] Processing: App\Jobs\StudentExportJob
[2024-02-26 10:43:41][pUgHI1ZIClatsA9gLrla8lbEsfibZKHr] Failed:     App\Jobs\StudentExportJob
[2024-02-26 11:09:49][pUgHI1ZIClatsA9gLrla8lbEsfibZKHr] Processing: App\Jobs\StudentExportJob
[2024-02-26 11:09:49][pUgHI1ZIClatsA9gLrla8lbEsfibZKHr] Failed:     App\Jobs\StudentExportJob
[2024-02-26 11:11:48][pUgHI1ZIClatsA9gLrla8lbEsfibZKHr] Processing: App\Jobs\StudentExportJob
[2024-02-26 11:15:19][pUgHI1ZIClatsA9gLrla8lbEsfibZKHr] Processed:  App\Jobs\StudentExportJob
[2024-02-26 12:30:28][gj5wEJIR316LaBFfpLwxwacQCibHnISR] Processing: App\Jobs\StudentExportJob
[2024-02-26 12:34:42][gj5wEJIR316LaBFfpLwxwacQCibHnISR] Processed:  App\Jobs\StudentExportJob
[2024-02-26 13:42:22][EsO7qlmuprsPmx9CUDb4a2SoHVkChROK] Processing: App\Jobs\StudentExportJob
[2024-02-26 13:46:47][EsO7qlmuprsPmx9CUDb4a2SoHVkChROK] Processed:  App\Jobs\StudentExportJob
[2024-02-26 14:02:19][RwUeg2Fy9T8ZgK34F0bDpxQ61KRitWUH] Processing: App\Jobs\StudentExportJob
[2024-02-26 14:06:52][RwUeg2Fy9T8ZgK34F0bDpxQ61KRitWUH] Processed:  App\Jobs\StudentExportJob
[2024-02-27 00:10:39][MWAFeuNdOy52CKZou3oxsPn0TsCbyM7C] Processing: App\Jobs\StudentExportJob
[2024-02-27 00:15:01][MWAFeuNdOy52CKZou3oxsPn0TsCbyM7C] Processed:  App\Jobs\StudentExportJob
[2024-02-27 05:42:13][SxAObUXS0hRUM6B1Ws5bhrcxYuQP6mqq] Processing: App\Jobs\StudentExportJob
[2024-02-27 05:46:26][SxAObUXS0hRUM6B1Ws5bhrcxYuQP6mqq] Processed:  App\Jobs\StudentExportJob
[2024-02-27 10:27:02][WOV5atzQgB9C9vcShZflnQegPl6Hvx85] Processing: App\Jobs\StudentExportJob
[2024-02-27 10:31:51][WOV5atzQgB9C9vcShZflnQegPl6Hvx85] Processed:  App\Jobs\StudentExportJob
[2024-02-27 10:44:24][qLW07upZTTusCrN5AK1IIK9Uxo22N8BI] Processing: App\Jobs\StudentExportJob
[2024-02-27 10:49:18][qLW07upZTTusCrN5AK1IIK9Uxo22N8BI] Processed:  App\Jobs\StudentExportJob
[2024-02-27 23:59:29][N0Ee9aBRLp5gmYZYyLyHfENtmqqgPzmT] Processing: App\Jobs\StudentExportJob
[2024-02-28 00:04:29][N0Ee9aBRLp5gmYZYyLyHfENtmqqgPzmT] Failed:     App\Jobs\StudentExportJob
[2024-02-28 00:04:30][8Cogf6GNC1eQXraqkEv2Q8KEUSdSmUfM] Processing: App\Jobs\DistrictDataExportJob
[2024-02-28 00:04:45][8Cogf6GNC1eQXraqkEv2Q8KEUSdSmUfM] Processed:  App\Jobs\DistrictDataExportJob
[2024-02-28 00:10:45][LyAfqmwftNkbjO1nQMMnlfxa8EgOxo8y] Processing: App\Jobs\StudentExportJob
[2024-02-28 00:15:45][LyAfqmwftNkbjO1nQMMnlfxa8EgOxo8y] Failed:     App\Jobs\StudentExportJob
[2024-02-28 01:02:21][1cJcEJe35Tc6y5RCwDItN7GHqmDdr3Lo] Processing: App\Jobs\StudentExportJob
[2024-02-28 01:07:21][1cJcEJe35Tc6y5RCwDItN7GHqmDdr3Lo] Failed:     App\Jobs\StudentExportJob
[2024-02-28 06:33:34][1cJcEJe35Tc6y5RCwDItN7GHqmDdr3Lo] Processing: App\Jobs\StudentExportJob
[2024-02-28 06:38:34][1cJcEJe35Tc6y5RCwDItN7GHqmDdr3Lo] Failed:     App\Jobs\StudentExportJob
[2024-02-28 06:41:07][1cJcEJe35Tc6y5RCwDItN7GHqmDdr3Lo] Processing: App\Jobs\StudentExportJob
[2024-02-28 06:46:07][1cJcEJe35Tc6y5RCwDItN7GHqmDdr3Lo] Failed:     App\Jobs\StudentExportJob
[2024-02-28 10:32:54][1cJcEJe35Tc6y5RCwDItN7GHqmDdr3Lo] Processing: App\Jobs\StudentExportJob
[2024-02-28 10:32:54][1cJcEJe35Tc6y5RCwDItN7GHqmDdr3Lo] Failed:     App\Jobs\StudentExportJob
[2024-02-28 10:34:55][1cJcEJe35Tc6y5RCwDItN7GHqmDdr3Lo] Processing: App\Jobs\StudentExportJob
[2024-02-28 10:41:43][1cJcEJe35Tc6y5RCwDItN7GHqmDdr3Lo] Processed:  App\Jobs\StudentExportJob
[2024-02-28 17:32:49][9IW36ZaWcRlj3l6FqBVFA7pKLVg1bUQU] Processing: App\Jobs\StudentExportJob
[2024-02-28 17:40:44][9IW36ZaWcRlj3l6FqBVFA7pKLVg1bUQU] Processed:  App\Jobs\StudentExportJob
[2024-02-29 00:34:50][eIt5IMerlZDjWae4H2ysw7SijHhBkNgU] Processing: App\Jobs\StudentExportJob
[2024-02-29 00:42:35][eIt5IMerlZDjWae4H2ysw7SijHhBkNgU] Processed:  App\Jobs\StudentExportJob
[2024-02-29 05:18:29][K68i6FEIeazJ7vY1fzezIAYb30L95Hx1] Processing: App\Jobs\DistrictDataExportJob
[2024-02-29 05:18:48][K68i6FEIeazJ7vY1fzezIAYb30L95Hx1] Processed:  App\Jobs\DistrictDataExportJob
[2024-05-20 18:52:22][D4pA90xm6E9DqXfDV9Mn4uDXHWc5fSpj] Processing: App\Jobs\SchoolImportJob
[2024-05-20 18:52:23][D4pA90xm6E9DqXfDV9Mn4uDXHWc5fSpj] Failed:     App\Jobs\SchoolImportJob
[2024-05-21 11:58:16][EOMmFF2BokMpQmrliu2Cc0HaTJTOQKoW] Processing: App\Jobs\SchoolImportJob
[2024-05-21 11:58:17][EOMmFF2BokMpQmrliu2Cc0HaTJTOQKoW] Processed:  App\Jobs\SchoolImportJob
[2024-05-21 14:01:57][INyVG0OTC4J6tIfp2P7cpO85XWLPQ2v8] Processing: App\Jobs\SchoolImportJob
[2024-05-21 14:02:00][INyVG0OTC4J6tIfp2P7cpO85XWLPQ2v8] Processed:  App\Jobs\SchoolImportJob
[2024-05-21 14:06:02][fblEiWPbLceT3JBcoM6UYJZg3uHJIupT] Processing: App\Jobs\SchoolImportJob
[2024-05-21 14:06:04][fblEiWPbLceT3JBcoM6UYJZg3uHJIupT] Processed:  App\Jobs\SchoolImportJob
[2024-05-21 14:09:34][Jcg7EIxvLXHHofx4ENcvIkh3AlIa3WVK] Processing: App\Jobs\SchoolImportJob
[2024-05-21 14:09:37][Jcg7EIxvLXHHofx4ENcvIkh3AlIa3WVK] Processed:  App\Jobs\SchoolImportJob
[2024-05-21 14:14:07][QQAaZXTcne5WIUnLza6LGl8G0XNXGQtH] Processing: App\Jobs\SchoolImportJob
[2024-05-21 14:14:09][QQAaZXTcne5WIUnLza6LGl8G0XNXGQtH] Processed:  App\Jobs\SchoolImportJob
[2024-05-21 14:18:39][ZhJT0RlBDum5Rf0RCOSJFpJrlFoIGs10] Processing: App\Jobs\SchoolImportJob
[2024-05-21 14:18:42][ZhJT0RlBDum5Rf0RCOSJFpJrlFoIGs10] Processed:  App\Jobs\SchoolImportJob
[2024-06-03 14:39:57][ETWJYRcSSoLfpSYt2zEbUd7x47r2huke] Processing: App\Jobs\SendSessionNotificationJob
[2024-06-03 14:40:00][ETWJYRcSSoLfpSYt2zEbUd7x47r2huke] Processed:  App\Jobs\SendSessionNotificationJob
[2024-06-03 17:16:13][3yZWjNs6mWIsqHbjRWBczt3Fv9wFgwZt] Processing: App\Jobs\SendSessionNotificationJob
[2024-06-03 17:16:16][3yZWjNs6mWIsqHbjRWBczt3Fv9wFgwZt] Processed:  App\Jobs\SendSessionNotificationJob
[2024-06-04 15:51:34][OXA6ASyi3X1j7khs83BVOmnLcXg2oMZp] Processing: App\Jobs\SendSessionNotificationJob
[2024-06-04 15:51:37][OXA6ASyi3X1j7khs83BVOmnLcXg2oMZp] Processed:  App\Jobs\SendSessionNotificationJob
[2024-06-08 11:54:03][6S1h89BBmBKxq4IpB9ekvwajkan6Ll1G] Processing: App\Jobs\SendSessionNotificationJob
[2024-06-08 11:54:06][6S1h89BBmBKxq4IpB9ekvwajkan6Ll1G] Processed:  App\Jobs\SendSessionNotificationJob
[2024-06-18 11:37:29][dn1RepzgVAyRkintxKNmCAClEsIgRGOR] Processing: App\Jobs\SendSessionNotificationJob
[2024-06-18 11:37:34][dn1RepzgVAyRkintxKNmCAClEsIgRGOR] Processed:  App\Jobs\SendSessionNotificationJob
[2024-06-18 11:38:34][L9vfxoKF5GOb9Kycg30rw09h5do9X6gX] Processing: App\Jobs\SendSessionNotificationJob
[2024-06-18 11:38:39][L9vfxoKF5GOb9Kycg30rw09h5do9X6gX] Processed:  App\Jobs\SendSessionNotificationJob
[2024-06-18 11:51:40][SQIAnwPX9sAYCXoPp2aG4fgT1Xb4JbmM] Processing: App\Jobs\SendSessionNotificationJob
[2024-06-18 11:51:46][SQIAnwPX9sAYCXoPp2aG4fgT1Xb4JbmM] Processed:  App\Jobs\SendSessionNotificationJob
[2024-06-25 17:10:48][UWzPERaotem9kr0iL2UXe4TjtyqblI9u] Processing: App\Jobs\SendSessionNotificationJob
[2024-06-25 17:10:55][UWzPERaotem9kr0iL2UXe4TjtyqblI9u] Processed:  App\Jobs\SendSessionNotificationJob
[2024-06-25 17:20:26][xod7ztcyHQv2HBireQS536b6hTZfB4eE] Processing: App\Jobs\SendSessionNotificationJob
[2024-06-25 17:20:33][xod7ztcyHQv2HBireQS536b6hTZfB4eE] Processed:  App\Jobs\SendSessionNotificationJob
[2024-06-25 17:23:33][na3Fms5K5IIS7RGnfm1UeCUABcZwQshk] Processing: App\Jobs\SendSessionNotificationJob
[2024-06-25 17:23:38][na3Fms5K5IIS7RGnfm1UeCUABcZwQshk] Processed:  App\Jobs\SendSessionNotificationJob
[2024-06-25 17:26:08][DjCw8gUl2C3t9gfNFmgPGL2m4ws5tbDF] Processing: App\Jobs\SendSessionNotificationJob
[2024-06-25 17:26:14][DjCw8gUl2C3t9gfNFmgPGL2m4ws5tbDF] Processed:  App\Jobs\SendSessionNotificationJob
[2024-06-25 17:40:45][dFt3UAnanGrWLGHncmyXnWXLjnqjgB9W] Processing: App\Jobs\SendSessionNotificationJob
[2024-06-25 17:40:57][dFt3UAnanGrWLGHncmyXnWXLjnqjgB9W] Processed:  App\Jobs\SendSessionNotificationJob
[2024-06-25 17:42:27][46cMxhr96VrUBwC5x4TlF6qTZCLllhSI] Processing: App\Jobs\SendSessionNotificationJob
[2024-06-25 17:42:33][46cMxhr96VrUBwC5x4TlF6qTZCLllhSI] Processed:  App\Jobs\SendSessionNotificationJob
[2024-06-26 10:17:57][y6uPfJKjYw820VvTfyPOJkPgt7ugbYfF] Processing: App\Jobs\SendSessionNotificationJob
[2024-06-26 10:18:04][y6uPfJKjYw820VvTfyPOJkPgt7ugbYfF] Processed:  App\Jobs\SendSessionNotificationJob
[2024-06-27 10:08:02][sSL8AlSBYoHiTe0v0vQFTFOOvvPpUM56] Processing: App\Jobs\SendSessionNotificationJob
[2024-06-27 10:08:09][sSL8AlSBYoHiTe0v0vQFTFOOvvPpUM56] Processed:  App\Jobs\SendSessionNotificationJob
[2024-06-27 10:10:09][71i3cFKabGXimSMBbYPmGbTHW9nZQuGm] Processing: App\Jobs\SendSessionNotificationJob
[2024-06-27 10:10:19][71i3cFKabGXimSMBbYPmGbTHW9nZQuGm] Processed:  App\Jobs\SendSessionNotificationJob
[2024-06-27 12:48:31][QO86RiInJg89HXjEgcehQbgZhHGf3vTM] Processing: App\Jobs\SendSessionNotificationJob
[2024-06-27 12:48:38][QO86RiInJg89HXjEgcehQbgZhHGf3vTM] Processed:  App\Jobs\SendSessionNotificationJob
[2024-06-27 17:12:32][HAdBXUfyBNIDZttCEWcFRHU9ElRBHj5F] Processing: App\Jobs\SendSessionNotificationJob
[2024-06-27 17:12:38][HAdBXUfyBNIDZttCEWcFRHU9ElRBHj5F] Processed:  App\Jobs\SendSessionNotificationJob
[2024-08-05 08:24:38][Odi9M6aYJr7DdSLBm8sAvHmrmge4X1t7] Processing: App\Jobs\SchoolImportJob
[2024-08-05 08:24:41][Odi9M6aYJr7DdSLBm8sAvHmrmge4X1t7] Processed:  App\Jobs\SchoolImportJob
[2024-08-13 15:34:32][8ElF4hppGrUT31zYVVh0ohYXISGBznlt] Processing: App\Jobs\SendSessionNotificationJob
[2024-08-13 15:34:40][8ElF4hppGrUT31zYVVh0ohYXISGBznlt] Processed:  App\Jobs\SendSessionNotificationJob
[2024-08-14 11:07:56][wCBalWmDkaCWtdQv6wFaLSr2LtgORtWQ] Processing: App\Jobs\SendSessionNotificationJob
[2024-08-14 11:08:01][wCBalWmDkaCWtdQv6wFaLSr2LtgORtWQ] Processed:  App\Jobs\SendSessionNotificationJob
[2024-08-14 11:11:31][xPG17WYNsAWW6l4iMSa5XIJsK95GyCDW] Processing: App\Jobs\SendSessionNotificationJob
[2024-08-14 11:11:37][xPG17WYNsAWW6l4iMSa5XIJsK95GyCDW] Processed:  App\Jobs\SendSessionNotificationJob
[2024-08-16 15:52:49][W5eds7rCSa86mWeojftJV0XdiTCxSpi0] Processing: App\Jobs\SchoolImportJob
[2024-08-16 15:52:52][W5eds7rCSa86mWeojftJV0XdiTCxSpi0] Processed:  App\Jobs\SchoolImportJob
[2024-08-22 15:31:05][EUk83K6PxOfdLrtuCFLcABpDSMrpiDN5] Processing: App\Jobs\SchoolImportJob
[2024-08-22 15:31:07][EUk83K6PxOfdLrtuCFLcABpDSMrpiDN5] Processed:  App\Jobs\SchoolImportJob
[2024-08-22 15:34:37][sdyGvbGqVQnoIO6EPFtElC3gaKtMrI7Y] Processing: App\Jobs\SchoolImportJob
[2024-08-22 15:34:41][sdyGvbGqVQnoIO6EPFtElC3gaKtMrI7Y] Processed:  App\Jobs\SchoolImportJob
[2024-08-28 17:59:42][i9WZti2bDgzWHUKCj4T0ahBAP2SyJtb6] Processing: App\Jobs\SchoolImportJob
[2024-08-28 17:59:45][i9WZti2bDgzWHUKCj4T0ahBAP2SyJtb6] Processed:  App\Jobs\SchoolImportJob
[2024-09-03 12:40:10][ydguSq5CrubCDWUicXkePZ2m8mqTBfqL] Processing: App\Jobs\SchoolImportJob
[2024-09-03 12:40:13][ydguSq5CrubCDWUicXkePZ2m8mqTBfqL] Processed:  App\Jobs\SchoolImportJob
[2024-09-20 15:39:04][sXuoEfsizXLsZQG8YfMGfTvjqXbKNhmg] Processing: App\Jobs\SchoolImportJob
[2024-09-20 15:39:06][sXuoEfsizXLsZQG8YfMGfTvjqXbKNhmg] Processed:  App\Jobs\SchoolImportJob
[2024-10-01 16:22:18][TFNZgZS8akmfc6CxQqW2RRTRarnAlUVX] Processing: App\Jobs\SchoolImportJob
[2024-10-01 16:22:19][TFNZgZS8akmfc6CxQqW2RRTRarnAlUVX] Processed:  App\Jobs\SchoolImportJob
[2024-10-17 15:58:37][U1q6nGXKu31NLsfqUJKtWUrokNKgxeLa] Processing: App\Jobs\SchoolImportJob
[2024-10-17 15:59:36][U1q6nGXKu31NLsfqUJKtWUrokNKgxeLa] Processed:  App\Jobs\SchoolImportJob
[2024-10-17 15:59:36][m1rAnAcJOP4cWR65ssLGLy3IGIHEUlD9] Processing: App\Jobs\SchoolImportJob
[2024-10-17 16:00:34][m1rAnAcJOP4cWR65ssLGLy3IGIHEUlD9] Processed:  App\Jobs\SchoolImportJob
[2024-10-17 16:01:04][FfGgu0mGpXmcU72tCeuZ6U34Azj1LGuH] Processing: App\Jobs\SchoolImportJob
[2024-10-17 16:02:04][FfGgu0mGpXmcU72tCeuZ6U34Azj1LGuH] Processed:  App\Jobs\SchoolImportJob
[2024-10-17 16:02:04][As8OSbsWPDTuAwluGAhnI01AEsZVdpgl] Processing: App\Jobs\SchoolImportJob
[2024-10-17 16:03:01][As8OSbsWPDTuAwluGAhnI01AEsZVdpgl] Processed:  App\Jobs\SchoolImportJob
[2024-10-17 16:03:01][hyp9vCtIcoyGXUATiRBEjkU7OgezKG9m] Processing: App\Jobs\SchoolImportJob
[2024-10-17 16:03:58][hyp9vCtIcoyGXUATiRBEjkU7OgezKG9m] Processed:  App\Jobs\SchoolImportJob
[2024-10-17 16:03:58][Q5A8DaKf5zkVkAbSDjUj6bk8IiTIuNHA] Processing: App\Jobs\SchoolImportJob
[2024-10-17 16:04:53][Q5A8DaKf5zkVkAbSDjUj6bk8IiTIuNHA] Processed:  App\Jobs\SchoolImportJob
[2024-10-19 10:49:43][3HcY3RRPuc27vWQMMm7iTviwOxPCxriL] Processing: App\Jobs\SchoolImportJob
[2024-10-19 10:49:45][3HcY3RRPuc27vWQMMm7iTviwOxPCxriL] Processed:  App\Jobs\SchoolImportJob
[2024-10-22 10:47:12][R1FBrqpflC6KBbecDANi5xcNKS2Lu1zZ] Processing: App\Jobs\SchoolImportJob
[2024-10-22 10:48:14][R1FBrqpflC6KBbecDANi5xcNKS2Lu1zZ] Processed:  App\Jobs\SchoolImportJob
[2024-10-22 10:48:14][fxP7GnY5EICqE5bBQ1ToTsuyWLAKwjVi] Processing: App\Jobs\SchoolImportJob
[2024-10-22 10:49:09][fxP7GnY5EICqE5bBQ1ToTsuyWLAKwjVi] Processed:  App\Jobs\SchoolImportJob
[2024-10-22 11:04:11][NEM7MSeAZyOXKKQBKjeyuGTDQ5IMvv6Q] Processing: App\Jobs\SchoolImportJob
[2024-10-22 11:05:10][NEM7MSeAZyOXKKQBKjeyuGTDQ5IMvv6Q] Processed:  App\Jobs\SchoolImportJob
